TN:
SF:A:\Development\UQO\UQO-2019-INF1583\annotator\src\polyfills.ts
FNF:0
FNH:0
DA:56,1
DA:68,1
LF:2
LH:2
BRF:0
BRH:0
end_of_record
TN:
SF:A:\Development\UQO\UQO-2019-INF1583\annotator\src\test.ts
FN:20,(anonymous_0)
FNF:1
FNH:1
FNDA:1,(anonymous_0)
DA:3,1
DA:4,1
DA:5,1
DA:6,1
DA:7,1
DA:8,1
DA:9,1
DA:10,1
DA:20,1
DA:23,1
DA:28,1
DA:30,1
DA:32,1
LF:13
LH:13
BRF:0
BRH:0
end_of_record
TN:
SF:A:\Development\UQO\UQO-2019-INF1583\annotator\src\app\app.component.ts
FN:13,(anonymous_2)
FN:19,AppComponent
FN:27,(anonymous_4)
FN:31,(anonymous_5)
FNF:4
FNH:2
FNDA:1,(anonymous_2)
FNDA:2,AppComponent
FNDA:0,(anonymous_4)
FNDA:0,(anonymous_5)
DA:1,1
DA:2,1
DA:3,1
DA:13,1
DA:14,2
DA:17,2
DA:20,2
DA:21,2
DA:23,2
DA:24,2
DA:27,1
DA:28,0
DA:31,1
DA:32,0
DA:34,1
LF:15
LH:13
BRF:0
BRH:0
end_of_record
TN:
SF:A:\Development\UQO\UQO-2019-INF1583\annotator\src\app\brat\brat-data-mock.ts
FNF:0
FNH:0
DA:2,1
DA:352,1
DA:395,1
LF:3
LH:3
BRF:0
BRH:0
end_of_record
TN:
SF:A:\Development\UQO\UQO-2019-INF1583\annotator\src\app\brat\brat-frontend-editor.js
FNF:0
FNH:0
LF:0
LH:0
BRF:0
BRH:0
end_of_record
TN:
SF:A:\Development\UQO\UQO-2019-INF1583\annotator\src\app\brat\brat-utils.ts
FN:25,(anonymous_0)
FN:26,(anonymous_2)
FN:31,(anonymous_3)
FN:35,(anonymous_4)
FN:39,(anonymous_5)
FN:47,(anonymous_6)
FN:68,(anonymous_7)
FN:72,(anonymous_8)
FN:77,(anonymous_9)
FN:90,(anonymous_10)
FN:125,(anonymous_11)
FN:139,(anonymous_12)
FN:150,(anonymous_13)
FN:158,(anonymous_14)
FN:176,(anonymous_15)
FN:179,(anonymous_16)
FN:190,(anonymous_17)
FN:196,(anonymous_18)
FN:199,(anonymous_19)
FN:204,(anonymous_20)
FN:220,(anonymous_21)
FN:223,(anonymous_22)
FN:240,(anonymous_23)
FN:243,(anonymous_24)
FN:269,(anonymous_26)
FN:279,(anonymous_27)
FN:291,(anonymous_28)
FNF:27
FNH:1
FNDA:1,(anonymous_0)
FNDA:0,(anonymous_2)
FNDA:0,(anonymous_3)
FNDA:0,(anonymous_4)
FNDA:0,(anonymous_5)
FNDA:0,(anonymous_6)
FNDA:0,(anonymous_7)
FNDA:0,(anonymous_8)
FNDA:0,(anonymous_9)
FNDA:0,(anonymous_10)
FNDA:0,(anonymous_11)
FNDA:0,(anonymous_12)
FNDA:0,(anonymous_13)
FNDA:0,(anonymous_14)
FNDA:0,(anonymous_15)
FNDA:0,(anonymous_16)
FNDA:0,(anonymous_17)
FNDA:0,(anonymous_18)
FNDA:0,(anonymous_19)
FNDA:0,(anonymous_20)
FNDA:0,(anonymous_21)
FNDA:0,(anonymous_22)
FNDA:0,(anonymous_23)
FNDA:0,(anonymous_24)
FNDA:0,(anonymous_26)
FNDA:0,(anonymous_27)
FNDA:0,(anonymous_28)
DA:1,1
DA:25,1
DA:26,1
DA:29,0
DA:32,0
DA:35,0
DA:37,0
DA:40,0
DA:45,0
DA:48,0
DA:56,0
DA:68,0
DA:69,0
DA:72,0
DA:74,0
DA:78,0
DA:79,0
DA:84,0
DA:85,0
DA:87,0
DA:90,1
DA:91,0
DA:125,0
DA:139,0
DA:150,0
DA:158,0
DA:170,0
DA:171,0
DA:172,0
DA:176,1
DA:177,0
DA:179,0
DA:180,0
DA:187,0
DA:190,1
DA:196,0
DA:197,0
DA:198,0
DA:199,0
DA:203,0
DA:204,0
DA:210,0
DA:211,0
DA:212,0
DA:213,0
DA:214,0
DA:216,0
DA:220,0
DA:221,0
DA:222,0
DA:223,0
DA:227,0
DA:228,0
DA:229,0
DA:232,0
DA:233,0
DA:234,0
DA:236,0
DA:240,0
DA:241,0
DA:242,0
DA:243,0
DA:247,0
DA:248,0
DA:249,0
DA:250,0
DA:251,0
DA:252,0
DA:255,0
DA:256,0
DA:257,0
DA:258,0
DA:259,0
DA:261,0
DA:265,0
DA:266,0
DA:267,0
DA:268,0
DA:269,0
DA:271,0
DA:273,0
DA:274,0
DA:275,0
DA:276,0
DA:277,0
DA:278,0
DA:279,0
DA:285,0
DA:287,0
DA:291,0
DA:292,0
DA:293,0
DA:294,0
DA:295,0
DA:298,0
DA:301,0
DA:302,0
DA:304,0
DA:306,1
LF:99
LH:7
BRF:0
BRH:0
end_of_record
TN:
SF:A:\Development\UQO\UQO-2019-INF1583\annotator\src\app\brat\index.js
FN:58,(anonymous_1669)
FN:119,(anonymous_1670)
FN:128,(anonymous_1671)
FN:138,(anonymous_1672)
FNF:4
FNH:0
FNDA:0,(anonymous_1669)
FNDA:0,(anonymous_1670)
FNDA:0,(anonymous_1671)
FNDA:0,(anonymous_1672)
DA:1,0
DA:2,0
DA:5,0
DA:7,0
DA:9,0
DA:12,0
DA:17,0
DA:18,0
DA:21,0
DA:22,0
DA:25,0
DA:31,0
DA:35,0
DA:36,0
DA:38,0
DA:39,0
DA:40,0
DA:41,0
DA:42,0
DA:43,0
DA:46,0
DA:47,0
DA:48,0
DA:52,0
DA:53,0
DA:54,0
DA:56,0
DA:57,0
DA:58,0
DA:59,0
DA:60,0
DA:61,0
DA:66,0
DA:69,0
DA:70,0
DA:71,0
DA:72,0
DA:75,0
DA:77,0
DA:79,0
DA:80,0
DA:81,0
DA:83,0
DA:86,0
DA:87,0
DA:91,0
DA:92,0
DA:94,0
DA:95,0
DA:97,0
DA:98,0
DA:100,0
DA:104,0
DA:106,0
DA:108,0
DA:110,0
DA:111,0
DA:114,0
DA:115,0
DA:116,0
DA:119,0
DA:120,0
DA:121,0
DA:122,0
DA:123,0
DA:124,0
DA:125,0
DA:128,0
DA:129,0
DA:130,0
DA:132,0
DA:133,0
DA:134,0
DA:135,0
DA:138,0
DA:139,0
DA:140,0
DA:141,0
DA:142,0
DA:145,0
LF:80
LH:0
BRDA:3,0,0,0
BRDA:3,0,1,0
BRDA:17,1,0,0
BRDA:17,1,1,0
BRDA:18,2,0,0
BRDA:18,2,1,0
BRDA:36,3,0,0
BRDA:36,3,1,0
BRDA:38,4,0,0
BRDA:38,4,1,0
BRDA:42,5,0,0
BRDA:42,5,1,0
BRDA:47,6,0,0
BRDA:47,6,1,0
BRDA:57,7,0,0
BRDA:57,7,1,0
BRDA:58,8,0,0
BRDA:58,8,1,0
BRDA:59,9,0,0
BRDA:59,9,1,0
BRDA:59,10,0,0
BRDA:59,10,1,0
BRDA:71,11,0,0
BRDA:71,11,1,0
BRDA:79,12,0,0
BRDA:79,12,1,0
BRDA:86,13,0,0
BRDA:86,13,1,0
BRDA:91,14,0,0
BRDA:91,14,1,0
BRDA:92,15,0,0
BRDA:92,15,1,0
BRDA:95,16,0,0
BRDA:95,16,1,0
BRDA:97,17,0,0
BRDA:97,17,1,0
BRDA:104,18,0,0
BRDA:104,18,1,0
BRDA:104,19,0,0
BRDA:104,19,1,0
BRDA:129,20,0,0
BRDA:129,20,1,0
BRDA:129,21,0,0
BRDA:129,21,1,0
BRF:44
BRH:0
end_of_record
TN:
SF:A:\Development\UQO\UQO-2019-INF1583\annotator\src\app\brat\client\lib\jquery-ui.min.js
FN:9,(anonymous_3)
FN:23,(anonymous_4)
FN:36,(anonymous_6)
FN:37,k
FN:49,l
FN:50,(anonymous_9)
FN:95,(anonymous_10)
FN:96,(anonymous_11)
FN:99,(anonymous_12)
FN:104,(anonymous_13)
FN:106,(anonymous_14)
FN:108,(anonymous_15)
FN:113,(anonymous_16)
FN:127,(anonymous_17)
FN:129,(anonymous_18)
FN:132,(anonymous_19)
FN:136,(anonymous_20)
FN:137,d
FN:138,(anonymous_22)
FN:150,(anonymous_23)
FN:152,(anonymous_24)
FN:156,(anonymous_25)
FN:158,(anonymous_26)
FN:164,(anonymous_27)
FN:166,(anonymous_28)
FN:168,(anonymous_29)
FN:174,(anonymous_30)
FN:183,(anonymous_31)
FN:189,(anonymous_32)
FN:193,(anonymous_33)
FN:195,(anonymous_34)
FN:204,(anonymous_35)
FN:206,(anonymous_36)
FN:223,(anonymous_37)
FN:226,(anonymous_38)
FN:235,(anonymous_39)
FN:236,(anonymous_40)
FN:237,(anonymous_41)
FN:247,(anonymous_42)
FN:256,(anonymous_43)
FN:260,(anonymous_44)
FN:273,(anonymous_45)
FN:274,(anonymous_46)
FN:279,(anonymous_47)
FN:285,(anonymous_48)
FN:292,(anonymous_49)
FN:296,(anonymous_50)
FN:302,(anonymous_51)
FN:308,(anonymous_52)
FN:310,(anonymous_53)
FN:311,(anonymous_54)
FN:312,(anonymous_55)
FN:316,(anonymous_56)
FN:318,(anonymous_57)
FN:328,(anonymous_58)
FN:330,(anonymous_59)
FN:334,(anonymous_60)
FN:339,(anonymous_61)
FN:341,(anonymous_62)
FN:343,(anonymous_63)
FN:373,(anonymous_64)
FN:375,(anonymous_65)
FN:379,(anonymous_66)
FN:381,(anonymous_67)
FN:383,(anonymous_68)
FN:391,(anonymous_69)
FN:394,(anonymous_70)
FN:402,(anonymous_71)
FN:414,(anonymous_72)
FN:417,(anonymous_73)
FN:424,(anonymous_74)
FN:433,(anonymous_75)
FN:442,(anonymous_76)
FN:444,(anonymous_77)
FN:446,(anonymous_78)
FN:447,(anonymous_79)
FN:448,(anonymous_80)
FN:449,(anonymous_81)
FN:464,(anonymous_82)
FN:467,(anonymous_83)
FN:492,(anonymous_84)
FN:508,(anonymous_85)
FN:519,(anonymous_86)
FN:539,(anonymous_87)
FN:544,(anonymous_88)
FN:550,(anonymous_89)
FN:559,(anonymous_90)
FN:571,(anonymous_91)
FN:579,(anonymous_92)
FN:582,(anonymous_93)
FN:633,(anonymous_95)
FN:640,(anonymous_96)
FN:647,(anonymous_97)
FN:653,(anonymous_98)
FN:664,(anonymous_99)
FN:695,(anonymous_100)
FN:711,(anonymous_101)
FN:723,(anonymous_102)
FN:729,(anonymous_103)
FN:730,(anonymous_104)
FN:736,(anonymous_105)
FN:740,(anonymous_106)
FN:743,(anonymous_107)
FN:748,(anonymous_108)
FN:756,(anonymous_109)
FN:764,(anonymous_110)
FN:782,(anonymous_111)
FNF:107
FNH:1
FNDA:2,(anonymous_3)
FNDA:0,(anonymous_4)
FNDA:0,(anonymous_6)
FNDA:0,k
FNDA:0,l
FNDA:0,(anonymous_9)
FNDA:0,(anonymous_10)
FNDA:0,(anonymous_11)
FNDA:0,(anonymous_12)
FNDA:0,(anonymous_13)
FNDA:0,(anonymous_14)
FNDA:0,(anonymous_15)
FNDA:0,(anonymous_16)
FNDA:0,(anonymous_17)
FNDA:0,(anonymous_18)
FNDA:0,(anonymous_19)
FNDA:0,(anonymous_20)
FNDA:0,d
FNDA:0,(anonymous_22)
FNDA:0,(anonymous_23)
FNDA:0,(anonymous_24)
FNDA:0,(anonymous_25)
FNDA:0,(anonymous_26)
FNDA:0,(anonymous_27)
FNDA:0,(anonymous_28)
FNDA:0,(anonymous_29)
FNDA:0,(anonymous_30)
FNDA:0,(anonymous_31)
FNDA:0,(anonymous_32)
FNDA:0,(anonymous_33)
FNDA:0,(anonymous_34)
FNDA:0,(anonymous_35)
FNDA:0,(anonymous_36)
FNDA:0,(anonymous_37)
FNDA:0,(anonymous_38)
FNDA:0,(anonymous_39)
FNDA:0,(anonymous_40)
FNDA:0,(anonymous_41)
FNDA:0,(anonymous_42)
FNDA:0,(anonymous_43)
FNDA:0,(anonymous_44)
FNDA:0,(anonymous_45)
FNDA:0,(anonymous_46)
FNDA:0,(anonymous_47)
FNDA:0,(anonymous_48)
FNDA:0,(anonymous_49)
FNDA:0,(anonymous_50)
FNDA:0,(anonymous_51)
FNDA:0,(anonymous_52)
FNDA:0,(anonymous_53)
FNDA:0,(anonymous_54)
FNDA:0,(anonymous_55)
FNDA:0,(anonymous_56)
FNDA:0,(anonymous_57)
FNDA:0,(anonymous_58)
FNDA:0,(anonymous_59)
FNDA:0,(anonymous_60)
FNDA:0,(anonymous_61)
FNDA:0,(anonymous_62)
FNDA:0,(anonymous_63)
FNDA:0,(anonymous_64)
FNDA:0,(anonymous_65)
FNDA:0,(anonymous_66)
FNDA:0,(anonymous_67)
FNDA:0,(anonymous_68)
FNDA:0,(anonymous_69)
FNDA:0,(anonymous_70)
FNDA:0,(anonymous_71)
FNDA:0,(anonymous_72)
FNDA:0,(anonymous_73)
FNDA:0,(anonymous_74)
FNDA:0,(anonymous_75)
FNDA:0,(anonymous_76)
FNDA:0,(anonymous_77)
FNDA:0,(anonymous_78)
FNDA:0,(anonymous_79)
FNDA:0,(anonymous_80)
FNDA:0,(anonymous_81)
FNDA:0,(anonymous_82)
FNDA:0,(anonymous_83)
FNDA:0,(anonymous_84)
FNDA:0,(anonymous_85)
FNDA:0,(anonymous_86)
FNDA:0,(anonymous_87)
FNDA:0,(anonymous_88)
FNDA:0,(anonymous_89)
FNDA:0,(anonymous_90)
FNDA:0,(anonymous_91)
FNDA:0,(anonymous_92)
FNDA:0,(anonymous_93)
FNDA:0,(anonymous_95)
FNDA:0,(anonymous_96)
FNDA:0,(anonymous_97)
FNDA:0,(anonymous_98)
FNDA:0,(anonymous_99)
FNDA:0,(anonymous_100)
FNDA:0,(anonymous_101)
FNDA:0,(anonymous_102)
FNDA:0,(anonymous_103)
FNDA:0,(anonymous_104)
FNDA:0,(anonymous_105)
FNDA:0,(anonymous_106)
FNDA:0,(anonymous_107)
FNDA:0,(anonymous_108)
FNDA:0,(anonymous_109)
FNDA:0,(anonymous_110)
FNDA:0,(anonymous_111)
DA:1,3
DA:2,1
DA:3,2
DA:4,0
DA:5,0
DA:6,0
DA:8,2
DA:9,2
DA:10,2
DA:11,2
DA:14,2
DA:17,2
DA:18,1
DA:21,1
DA:24,0
DA:36,0
DA:38,0
DA:39,0
DA:40,0
DA:41,0
DA:42,0
DA:43,0
DA:44,0
DA:46,0
DA:50,0
DA:51,0
DA:55,0
DA:56,0
DA:57,0
DA:94,0
DA:96,0
DA:98,0
DA:99,0
DA:100,0
DA:101,0
DA:106,0
DA:107,0
DA:109,0
DA:112,0
DA:114,0
DA:115,0
DA:116,0
DA:117,0
DA:118,0
DA:119,0
DA:120,0
DA:121,0
DA:123,0
DA:126,0
DA:128,0
DA:130,0
DA:133,0
DA:136,0
DA:138,0
DA:139,0
DA:140,0
DA:141,0
DA:143,0
DA:146,0
DA:150,0
DA:151,0
DA:152,0
DA:153,0
DA:156,0
DA:157,0
DA:158,0
DA:159,0
DA:163,0
DA:165,0
DA:167,0
DA:169,0
DA:170,0
DA:171,0
DA:174,0
DA:175,0
DA:176,0
DA:177,0
DA:178,0
DA:179,0
DA:181,0
DA:184,0
DA:185,0
DA:186,0
DA:187,0
DA:190,0
DA:191,0
DA:194,0
DA:196,0
DA:197,0
DA:198,0
DA:199,0
DA:200,0
DA:201,0
DA:202,0
DA:203,0
DA:205,0
DA:207,0
DA:223,0
DA:224,0
DA:225,0
DA:226,0
DA:227,0
DA:228,0
DA:231,0
DA:234,0
DA:235,0
DA:236,0
DA:237,0
DA:238,0
DA:239,0
DA:243,0
DA:247,0
DA:248,0
DA:249,0
DA:250,0
DA:251,0
DA:252,0
DA:253,0
DA:255,0
DA:257,0
DA:259,0
DA:260,0
DA:261,0
DA:263,0
DA:264,0
DA:265,0
DA:271,0
DA:273,0
DA:274,0
DA:275,0
DA:276,0
DA:278,0
DA:279,0
DA:280,0
DA:281,0
DA:282,0
DA:283,0
DA:286,0
DA:287,0
DA:289,0
DA:292,0
DA:293,0
DA:295,0
DA:297,0
DA:298,0
DA:299,0
DA:301,0
DA:302,0
DA:303,0
DA:305,0
DA:306,0
DA:307,0
DA:309,0
DA:313,0
DA:314,0
DA:317,0
DA:319,0
DA:320,0
DA:321,0
DA:322,0
DA:323,0
DA:324,0
DA:326,0
DA:327,0
DA:329,0
DA:330,0
DA:331,0
DA:333,0
DA:335,0
DA:336,0
DA:338,0
DA:340,0
DA:342,0
DA:344,0
DA:345,0
DA:346,0
DA:347,0
DA:348,0
DA:349,0
DA:350,0
DA:351,0
DA:352,0
DA:355,0
DA:356,0
DA:373,0
DA:374,0
DA:375,0
DA:376,0
DA:378,0
DA:380,0
DA:381,0
DA:382,0
DA:384,0
DA:385,0
DA:386,0
DA:387,0
DA:390,0
DA:392,0
DA:395,0
DA:396,0
DA:397,0
DA:398,0
DA:399,0
DA:400,0
DA:401,0
DA:402,0
DA:403,0
DA:405,0
DA:406,0
DA:408,0
DA:409,0
DA:410,0
DA:413,0
DA:414,0
DA:415,0
DA:417,0
DA:418,0
DA:420,0
DA:421,0
DA:422,0
DA:425,0
DA:426,0
DA:427,0
DA:428,0
DA:429,0
DA:431,0
DA:432,0
DA:434,0
DA:435,0
DA:436,0
DA:438,0
DA:439,0
DA:441,0
DA:443,0
DA:445,0
DA:450,0
DA:464,0
DA:465,0
DA:466,0
DA:467,0
DA:468,0
DA:469,0
DA:470,0
DA:472,0
DA:473,0
DA:474,0
DA:475,0
DA:476,0
DA:477,0
DA:478,0
DA:479,0
DA:480,0
DA:481,0
DA:482,0
DA:483,0
DA:488,0
DA:489,0
DA:490,0
DA:492,0
DA:493,0
DA:494,0
DA:495,0
DA:496,0
DA:497,0
DA:499,0
DA:500,0
DA:501,0
DA:502,0
DA:503,0
DA:504,0
DA:505,0
DA:506,0
DA:507,0
DA:508,0
DA:509,0
DA:510,0
DA:511,0
DA:512,0
DA:513,0
DA:514,0
DA:516,0
DA:517,0
DA:518,0
DA:519,0
DA:520,0
DA:533,0
DA:534,0
DA:537,0
DA:540,0
DA:541,0
DA:542,0
DA:545,0
DA:546,0
DA:547,0
DA:551,0
DA:552,0
DA:553,0
DA:554,0
DA:555,0
DA:556,0
DA:560,0
DA:561,0
DA:562,0
DA:563,0
DA:564,0
DA:565,0
DA:570,0
DA:571,0
DA:572,0
DA:573,0
DA:574,0
DA:575,0
DA:576,0
DA:577,0
DA:579,0
DA:580,0
DA:581,0
DA:582,0
DA:583,0
DA:585,0
DA:634,0
DA:635,0
DA:636,0
DA:637,0
DA:638,0
DA:641,0
DA:642,0
DA:643,0
DA:644,0
DA:649,0
DA:650,0
DA:651,0
DA:652,0
DA:653,0
DA:654,0
DA:662,0
DA:665,0
DA:666,0
DA:667,0
DA:668,0
DA:669,0
DA:670,0
DA:671,0
DA:672,0
DA:673,0
DA:674,0
DA:679,0
DA:680,0
DA:681,0
DA:682,0
DA:683,0
DA:684,0
DA:685,0
DA:686,0
DA:688,0
DA:689,0
DA:690,0
DA:691,0
DA:692,0
DA:693,0
DA:696,0
DA:697,0
DA:698,0
DA:699,0
DA:700,0
DA:701,0
DA:702,0
DA:704,0
DA:706,0
DA:707,0
DA:708,0
DA:709,0
DA:713,0
DA:714,0
DA:715,0
DA:716,0
DA:717,0
DA:719,0
DA:720,0
DA:721,0
DA:722,0
DA:724,0
DA:726,0
DA:727,0
DA:730,0
DA:731,0
DA:733,0
DA:734,0
DA:737,0
DA:738,0
DA:741,0
DA:743,0
DA:744,0
DA:746,0
DA:749,0
DA:750,0
DA:751,0
DA:752,0
DA:754,0
DA:757,0
DA:758,0
DA:759,0
DA:760,0
DA:761,0
DA:762,0
DA:765,0
DA:767,0
DA:768,0
DA:769,0
DA:770,0
DA:772,0
DA:776,0
DA:783,0
DA:784,0
DA:785,0
DA:789,0
LF:416
LH:11
BRDA:1,0,0,1
BRDA:1,0,1,2
BRDA:2,1,0,1
BRDA:2,1,1,1
BRDA:3,2,0,2
BRDA:3,2,1,1
BRDA:4,3,0,0
BRDA:4,3,1,0
BRDA:11,4,0,2
BRDA:11,4,1,1
BRDA:39,5,0,0
BRDA:39,5,1,0
BRDA:42,6,0,0
BRDA:42,6,1,0
BRDA:42,7,0,0
BRDA:42,7,1,0
BRDA:42,7,2,0
BRDA:44,8,0,0
BRDA:44,8,1,0
BRDA:46,9,0,0
BRDA:46,9,1,0
BRDA:51,10,0,0
BRDA:51,10,1,0
BRDA:55,11,0,0
BRDA:55,11,1,0
BRDA:56,12,0,0
BRDA:56,12,1,0
BRDA:95,13,0,0
BRDA:95,13,1,0
BRDA:96,14,0,0
BRDA:96,14,1,0
BRDA:101,15,0,0
BRDA:101,15,1,0
BRDA:106,16,0,0
BRDA:106,16,1,0
BRDA:106,17,0,0
BRDA:106,17,1,0
BRDA:106,17,2,0
BRDA:107,18,0,0
BRDA:107,18,1,0
BRDA:112,19,0,0
BRDA:112,19,1,0
BRDA:114,20,0,0
BRDA:114,20,1,0
BRDA:115,21,0,0
BRDA:115,21,1,0
BRDA:117,22,0,0
BRDA:117,22,1,0
BRDA:119,23,0,0
BRDA:119,23,1,0
BRDA:119,24,0,0
BRDA:119,24,1,0
BRDA:119,24,2,0
BRDA:121,25,0,0
BRDA:121,25,1,0
BRDA:128,26,0,0
BRDA:128,26,1,0
BRDA:139,27,0,0
BRDA:139,27,1,0
BRDA:140,28,0,0
BRDA:140,28,1,0
BRDA:141,29,0,0
BRDA:141,29,1,0
BRDA:146,30,0,0
BRDA:146,30,1,0
BRDA:151,31,0,0
BRDA:151,31,1,0
BRDA:157,32,0,0
BRDA:157,32,1,0
BRDA:171,33,0,0
BRDA:171,33,1,0
BRDA:171,33,2,0
BRDA:186,34,0,0
BRDA:186,34,1,0
BRDA:190,35,0,0
BRDA:190,35,1,0
BRDA:190,36,0,0
BRDA:190,36,1,0
BRDA:191,37,0,0
BRDA:191,37,1,0
BRDA:194,38,0,0
BRDA:194,38,1,0
BRDA:196,39,0,0
BRDA:196,39,1,0
BRDA:197,40,0,0
BRDA:197,40,1,0
BRDA:199,41,0,0
BRDA:199,41,1,0
BRDA:205,42,0,0
BRDA:205,42,1,0
BRDA:207,43,0,0
BRDA:207,43,1,0
BRDA:224,44,0,0
BRDA:224,44,1,0
BRDA:237,45,0,0
BRDA:237,45,1,0
BRDA:237,46,0,0
BRDA:237,46,1,0
BRDA:251,47,0,0
BRDA:251,47,1,0
BRDA:259,48,0,0
BRDA:259,48,1,0
BRDA:261,49,0,0
BRDA:261,49,1,0
BRDA:268,50,0,0
BRDA:268,50,1,0
BRDA:276,51,0,0
BRDA:276,51,1,0
BRDA:276,52,0,0
BRDA:276,52,1,0
BRDA:278,53,0,0
BRDA:278,53,1,0
BRDA:279,54,0,0
BRDA:279,54,1,0
BRDA:280,55,0,0
BRDA:280,55,1,0
BRDA:281,56,0,0
BRDA:281,56,1,0
BRDA:281,57,0,0
BRDA:281,57,1,0
BRDA:287,58,0,0
BRDA:287,58,1,0
BRDA:293,59,0,0
BRDA:293,59,1,0
BRDA:309,60,0,0
BRDA:309,60,1,0
BRDA:320,61,0,0
BRDA:320,61,1,0
BRDA:321,62,0,0
BRDA:321,62,1,0
BRDA:322,63,0,0
BRDA:322,63,1,0
BRDA:336,64,0,0
BRDA:336,64,1,0
BRDA:336,65,0,0
BRDA:336,65,1,0
BRDA:346,66,0,0
BRDA:346,66,1,0
BRDA:347,67,0,0
BRDA:347,67,1,0
BRDA:348,68,0,0
BRDA:348,68,1,0
BRDA:356,69,0,0
BRDA:356,69,1,0
BRDA:356,69,2,0
BRDA:384,70,0,0
BRDA:384,70,1,0
BRDA:395,71,0,0
BRDA:395,71,1,0
BRDA:396,72,0,0
BRDA:396,72,1,0
BRDA:399,73,0,0
BRDA:399,73,1,0
BRDA:400,74,0,0
BRDA:400,74,1,0
BRDA:400,75,0,0
BRDA:400,75,1,0
BRDA:400,75,2,0
BRDA:402,76,0,0
BRDA:402,76,1,0
BRDA:405,77,0,0
BRDA:405,77,1,0
BRDA:405,78,0,0
BRDA:405,78,1,0
BRDA:408,79,0,0
BRDA:408,79,1,0
BRDA:413,80,0,0
BRDA:413,80,1,0
BRDA:425,81,0,0
BRDA:425,81,1,0
BRDA:425,82,0,0
BRDA:425,82,1,0
BRDA:425,82,2,0
BRDA:427,83,0,0
BRDA:427,83,1,0
BRDA:431,84,0,0
BRDA:431,84,1,0
BRDA:435,85,0,0
BRDA:435,85,1,0
BRDA:438,86,0,0
BRDA:438,86,1,0
BRDA:465,87,0,0
BRDA:465,87,1,0
BRDA:468,88,0,0
BRDA:468,88,1,0
BRDA:470,89,0,0
BRDA:470,89,1,0
BRDA:472,90,0,0
BRDA:472,90,1,0
BRDA:476,91,0,0
BRDA:476,91,1,0
BRDA:480,92,0,0
BRDA:480,92,1,0
BRDA:493,93,0,0
BRDA:493,93,1,0
BRDA:494,94,0,0
BRDA:494,94,1,0
BRDA:495,95,0,0
BRDA:495,95,1,0
BRDA:496,96,0,0
BRDA:496,96,1,0
BRDA:499,97,0,0
BRDA:499,97,1,0
BRDA:500,98,0,0
BRDA:500,98,1,0
BRDA:501,99,0,0
BRDA:501,99,1,0
BRDA:502,100,0,0
BRDA:502,100,1,0
BRDA:503,101,0,0
BRDA:503,101,1,0
BRDA:504,102,0,0
BRDA:504,102,1,0
BRDA:505,103,0,0
BRDA:505,103,1,0
BRDA:510,104,0,0
BRDA:510,104,1,0
BRDA:511,105,0,0
BRDA:511,105,1,0
BRDA:512,106,0,0
BRDA:512,106,1,0
BRDA:513,107,0,0
BRDA:513,107,1,0
BRDA:514,108,0,0
BRDA:514,108,1,0
BRDA:520,109,0,0
BRDA:520,109,1,0
BRDA:533,110,0,0
BRDA:533,110,1,0
BRDA:543,111,0,0
BRDA:543,111,1,0
BRDA:547,112,0,0
BRDA:547,112,1,0
BRDA:551,113,0,0
BRDA:551,113,1,0
BRDA:554,114,0,0
BRDA:554,114,1,0
BRDA:555,115,0,0
BRDA:555,115,1,0
BRDA:557,116,0,0
BRDA:557,116,1,0
BRDA:560,117,0,0
BRDA:560,117,1,0
BRDA:563,118,0,0
BRDA:563,118,1,0
BRDA:564,119,0,0
BRDA:564,119,1,0
BRDA:565,120,0,0
BRDA:565,120,1,0
BRDA:570,121,0,0
BRDA:570,121,1,0
BRDA:572,122,0,0
BRDA:572,122,1,0
BRDA:574,123,0,0
BRDA:574,123,1,0
BRDA:575,124,0,0
BRDA:575,124,1,0
BRDA:577,125,0,0
BRDA:577,125,1,0
BRDA:581,126,0,0
BRDA:581,126,1,0
BRDA:582,127,0,0
BRDA:582,127,1,0
BRDA:634,128,0,0
BRDA:634,128,1,0
BRDA:634,129,0,0
BRDA:634,129,1,0
BRDA:636,130,0,0
BRDA:636,130,1,0
BRDA:637,131,0,0
BRDA:637,131,1,0
BRDA:641,132,0,0
BRDA:641,132,1,0
BRDA:650,133,0,0
BRDA:650,133,1,0
BRDA:650,134,0,0
BRDA:650,134,1,0
BRDA:650,134,2,0
BRDA:652,135,0,0
BRDA:652,135,1,0
BRDA:653,136,0,0
BRDA:653,136,1,0
BRDA:653,137,0,0
BRDA:653,137,1,0
BRDA:668,138,0,0
BRDA:668,138,1,0
BRDA:682,139,0,0
BRDA:682,139,1,0
BRDA:683,140,0,0
BRDA:683,140,1,0
BRDA:684,141,0,0
BRDA:684,141,1,0
BRDA:689,142,0,0
BRDA:689,142,1,0
BRDA:689,142,2,0
BRDA:692,143,0,0
BRDA:692,143,1,0
BRDA:698,144,0,0
BRDA:698,144,1,0
BRDA:700,145,0,0
BRDA:700,145,1,0
BRDA:706,146,0,0
BRDA:706,146,1,0
BRDA:707,147,0,0
BRDA:707,147,1,0
BRDA:708,148,0,0
BRDA:708,148,1,0
BRDA:714,149,0,0
BRDA:714,149,1,0
BRDA:715,150,0,0
BRDA:715,150,1,0
BRDA:719,151,0,0
BRDA:719,151,1,0
BRDA:719,152,0,0
BRDA:719,152,1,0
BRDA:719,152,2,0
BRDA:720,153,0,0
BRDA:720,153,1,0
BRDA:720,154,0,0
BRDA:720,154,1,0
BRDA:720,154,2,0
BRDA:720,154,3,0
BRDA:720,154,4,0
BRDA:720,154,5,0
BRDA:720,154,6,0
BRDA:724,155,0,0
BRDA:724,155,1,0
BRDA:726,156,0,0
BRDA:726,156,1,0
BRDA:730,157,0,0
BRDA:730,157,1,0
BRDA:733,158,0,0
BRDA:733,158,1,0
BRDA:737,159,0,0
BRDA:737,159,1,0
BRDA:742,160,0,0
BRDA:742,160,1,0
BRDA:741,161,0,0
BRDA:741,161,1,0
BRDA:744,162,0,0
BRDA:744,162,1,0
BRDA:750,163,0,0
BRDA:750,163,1,0
BRDA:751,164,0,0
BRDA:751,164,1,0
BRDA:752,165,0,0
BRDA:752,165,1,0
BRDA:752,165,2,0
BRDA:757,166,0,0
BRDA:757,166,1,0
BRDA:758,167,0,0
BRDA:758,167,1,0
BRDA:759,168,0,0
BRDA:759,168,1,0
BRDA:760,169,0,0
BRDA:760,169,1,0
BRDA:761,170,0,0
BRDA:761,170,1,0
BRDA:762,171,0,0
BRDA:762,171,1,0
BRDA:768,172,0,0
BRDA:768,172,1,0
BRDA:768,173,0,0
BRDA:768,173,1,0
BRDA:768,173,2,0
BRDA:772,174,0,0
BRDA:772,174,1,0
BRDA:772,175,0,0
BRDA:772,175,1,0
BRDA:772,175,2,0
BRDA:772,175,3,0
BRDA:777,176,0,0
BRDA:777,176,1,0
BRDA:778,177,0,0
BRDA:778,177,1,0
BRDA:783,178,0,0
BRDA:783,178,1,0
BRDA:786,179,0,0
BRDA:786,179,1,0
BRDA:787,180,0,0
BRDA:787,180,1,0
BRF:381
BRH:8
end_of_record
TN:
SF:A:\Development\UQO\UQO-2019-INF1583\annotator\src\app\brat\client\lib\jquery.json.min.js
FN:8,(anonymous_113)
FN:11,(anonymous_114)
FNF:2
FNH:0
FNDA:0,(anonymous_113)
FNDA:0,(anonymous_114)
DA:9,0
DA:12,0
DA:13,0
DA:14,0
DA:16,0
DA:17,0
DA:18,0
DA:19,0
DA:20,0
DA:21,0
DA:23,0
DA:25,0
DA:27,0
DA:30,0
DA:31,0
LF:15
LH:0
BRDA:1,0,0,0
BRDA:1,0,1,0
BRDA:2,1,0,0
BRDA:2,1,1,0
BRDA:3,2,0,0
BRDA:3,2,1,0
BRDA:4,3,0,0
BRDA:4,3,1,0
BRDA:13,4,0,0
BRDA:13,4,1,0
BRDA:14,5,0,0
BRDA:14,5,1,0
BRDA:14,6,0,0
BRDA:14,6,1,0
BRDA:15,7,0,0
BRDA:15,7,1,0
BRDA:16,8,0,0
BRDA:16,8,1,0
BRDA:16,9,0,0
BRDA:16,9,1,0
BRDA:19,10,0,0
BRDA:19,10,1,0
BRDA:23,11,0,0
BRDA:23,11,1,0
BRDA:23,12,0,0
BRDA:23,12,1,0
BRDA:24,13,0,0
BRDA:24,13,1,0
BRDA:27,14,0,0
BRDA:27,14,1,0
BRDA:30,15,0,0
BRDA:30,15,1,0
BRDA:31,16,0,0
BRDA:31,16,1,0
BRF:34
BRH:0
end_of_record
TN:
SF:A:\Development\UQO\UQO-2019-INF1583\annotator\src\app\brat\client\lib\jquery.sprintf.js
FN:8,(anonymous_116)
FN:38,(anonymous_117)
FN:44,(anonymous_118)
FN:52,(anonymous_119)
FNF:4
FNH:0
FNDA:0,(anonymous_116)
FNDA:0,(anonymous_117)
FNDA:0,(anonymous_118)
FNDA:0,(anonymous_119)
DA:1,0
DA:2,0
DA:9,0
DA:11,0
DA:12,0
DA:14,0
DA:15,0
DA:16,0
DA:17,0
DA:18,0
DA:19,0
DA:20,0
DA:21,0
DA:22,0
DA:24,0
DA:25,0
DA:26,0
DA:27,0
DA:29,0
DA:32,0
DA:39,0
DA:40,0
DA:41,0
DA:42,0
DA:45,0
DA:46,0
DA:47,0
DA:48,0
DA:53,0
DA:61,0
DA:64,0
DA:65,0
DA:67,0
LF:33
LH:0
BRDA:4,0,0,0
BRDA:4,0,1,0
BRDA:4,1,0,0
BRDA:4,1,1,0
BRDA:4,1,2,0
BRDA:5,2,0,0
BRDA:5,2,1,0
BRDA:5,3,0,0
BRDA:5,3,1,0
BRDA:5,3,2,0
BRDA:10,4,0,0
BRDA:10,4,1,0
BRDA:9,5,0,0
BRDA:9,5,1,0
BRDA:12,6,0,0
BRDA:12,6,1,0
BRDA:14,7,0,0
BRDA:14,7,1,0
BRDA:15,8,0,0
BRDA:15,8,1,0
BRDA:19,9,0,0
BRDA:19,9,1,0
BRDA:20,10,0,0
BRDA:20,10,1,0
BRDA:21,11,0,0
BRDA:21,11,1,0
BRDA:22,12,0,0
BRDA:22,12,1,0
BRDA:24,13,0,0
BRDA:24,13,1,0
BRDA:25,14,0,0
BRDA:25,14,1,0
BRDA:26,15,0,0
BRDA:26,15,1,0
BRDA:27,16,0,0
BRDA:27,16,1,0
BRDA:29,17,0,0
BRDA:29,17,1,0
BRDA:33,18,0,0
BRDA:33,18,1,0
BRDA:33,19,0,0
BRDA:33,19,1,0
BRDA:33,19,2,0
BRDA:35,20,0,0
BRDA:35,20,1,0
BRDA:34,21,0,0
BRDA:34,21,1,0
BRDA:34,21,2,0
BRDA:40,22,0,0
BRDA:40,22,1,0
BRDA:40,22,2,0
BRDA:45,23,0,0
BRDA:45,23,1,0
BRDA:47,24,0,0
BRDA:47,24,1,0
BRDA:68,25,0,0
BRDA:68,25,1,0
BRF:57
BRH:0
end_of_record
TN:
SF:A:\Development\UQO\UQO-2019-INF1583\annotator\src\app\brat\client\lib\jquery.svg.min.js
FNF:0
FNH:0
DA:1,0
DA:2,0
DA:6,0
LF:3
LH:0
BRF:0
BRH:0
end_of_record
TN:
SF:A:\Development\UQO\UQO-2019-INF1583\annotator\src\app\brat\client\lib\jquery.svgdom.min.js
FNF:0
FNH:0
DA:1,0
DA:2,0
DA:3,0
DA:4,0
DA:5,0
DA:6,0
DA:7,0
LF:7
LH:0
BRDA:4,0,0,0
BRDA:4,0,1,0
BRDA:7,1,0,0
BRDA:7,1,1,0
BRF:4
BRH:0
end_of_record
TN:
SF:A:\Development\UQO\UQO-2019-INF1583\annotator\src\app\brat\client\lib\node-jquery-1.7.1.js
FN:6,(anonymous_124)
FN:8,(anonymous_125)
FN:17,(anonymous_126)
FN:50,(anonymous_127)
FN:54,(anonymous_128)
FN:60,(anonymous_129)
FN:66,(anonymous_130)
FN:72,(anonymous_131)
FN:75,(anonymous_132)
FN:91,(anonymous_133)
FN:94,(anonymous_134)
FN:101,(anonymous_135)
FN:150,(anonymous_136)
FN:152,(anonymous_137)
FN:158,(anonymous_138)
FN:166,(anonymous_139)
FN:171,(anonymous_140)
FN:193,(anonymous_141)
FN:205,(anonymous_142)
FN:209,(anonymous_143)
FN:217,(anonymous_144)
FN:222,(anonymous_145)
FN:223,(anonymous_146)
FN:228,(anonymous_147)
FN:234,(anonymous_148)
FN:239,(anonymous_149)
FN:246,(anonymous_150)
FN:253,(anonymous_151)
FN:257,(anonymous_152)
FN:275,(anonymous_153)
FN:280,(anonymous_154)
FN:300,(anonymous_155)
FN:316,(anonymous_156)
FN:318,(anonymous_157)
FN:330,(anonymous_158)
FN:331,(anonymous_159)
FN:334,(anonymous_160)
FN:336,(anonymous_161)
FN:364,(anonymous_162)
FN:385,(anonymous_163)
FN:406,(anonymous_164)
FN:471,(anonymous_165)
FN:488,(anonymous_166)
FN:496,(anonymous_167)
FN:501,(anonymous_168)
FN:510,(anonymous_169)
FN:512,(anonymous_170)
FN:530,(anonymous_171)
FN:536,(anonymous_172)
FN:578,(anonymous_173)
FN:597,(anonymous_174)
FN:619,(anonymous_175)
FN:640,(anonymous_176)
FN:648,(anonymous_177)
FN:661,(anonymous_178)
FN:680,(anonymous_179)
FN:686,(anonymous_180)
FN:699,(anonymous_181)
FN:719,(anonymous_182)
FN:721,(anonymous_183)
FN:723,(anonymous_184)
FN:725,(anonymous_185)
FN:730,(anonymous_186)
FN:732,(anonymous_187)
FN:734,(anonymous_188)
FN:736,(anonymous_189)
FN:740,(anonymous_190)
FN:745,(anonymous_191)
FN:759,(anonymous_192)
FN:760,(anonymous_193)
FN:761,(anonymous_194)
FN:776,(anonymous_195)
FN:779,(anonymous_196)
FN:785,(anonymous_197)
FN:786,(anonymous_198)
FN:789,(anonymous_199)
FN:800,(anonymous_200)
FN:803,(anonymous_201)
FN:804,(anonymous_202)
FN:805,(anonymous_203)
FN:812,(anonymous_204)
FN:820,(anonymous_205)
FN:830,(anonymous_206)
FN:845,(anonymous_207)
FN:862,(anonymous_208)
FN:875,(anonymous_209)
FN:907,(anonymous_210)
FN:924,(anonymous_211)
FN:932,(anonymous_212)
FN:935,(anonymous_213)
FN:941,(anonymous_214)
FN:969,(anonymous_215)
FN:971,(anonymous_216)
FN:990,(anonymous_217)
FN:993,(anonymous_218)
FN:998,(anonymous_219)
FN:1000,(anonymous_220)
FN:1021,(anonymous_221)
FN:1027,(anonymous_222)
FN:1038,(anonymous_223)
FN:1050,(anonymous_224)
FN:1063,(anonymous_225)
FN:1080,(anonymous_226)
FN:1128,(anonymous_227)
FN:1131,(anonymous_228)
FN:1138,(anonymous_229)
FN:1169,(anonymous_230)
FN:1196,(anonymous_231)
FN:1205,(anonymous_232)
FN:1211,(anonymous_233)
FN:1218,(anonymous_234)
FN:1223,(anonymous_235)
FN:1234,(anonymous_236)
FN:1243,(anonymous_237)
FN:1296,(anonymous_238)
FN:1334,(anonymous_239)
FN:1344,(anonymous_240)
FN:1351,(anonymous_241)
FN:1376,(anonymous_242)
FN:1379,(anonymous_243)
FN:1386,(anonymous_244)
FN:1389,(anonymous_245)
FN:1394,(anonymous_246)
FN:1402,(anonymous_247)
FN:1411,(anonymous_248)
FN:1417,(anonymous_249)
FN:1421,(anonymous_250)
FN:1425,(anonymous_251)
FN:1430,(anonymous_252)
FN:1434,(anonymous_253)
FN:1445,(anonymous_254)
FN:1450,(anonymous_255)
FN:1453,(anonymous_256)
FN:1477,(anonymous_257)
FN:1503,(anonymous_258)
FN:1508,(anonymous_259)
FN:1513,(anonymous_260)
FN:1526,(anonymous_261)
FN:1562,(anonymous_262)
FN:1579,(anonymous_263)
FN:1588,(anonymous_264)
FN:1602,(anonymous_265)
FN:1611,(anonymous_266)
FN:1617,(anonymous_267)
FN:1620,(anonymous_268)
FN:1633,(anonymous_269)
FN:1645,(anonymous_270)
FN:1672,(anonymous_271)
FN:1677,(anonymous_272)
FN:1681,(anonymous_273)
FN:1691,(anonymous_274)
FN:1694,(anonymous_275)
FN:1698,(anonymous_276)
FN:1703,(anonymous_277)
FN:1704,(anonymous_278)
FN:1708,(anonymous_279)
FN:1709,(anonymous_280)
FN:1716,(anonymous_281)
FN:1717,(anonymous_282)
FN:1723,(anonymous_283)
FN:1724,(anonymous_284)
FN:1755,(anonymous_285)
FN:1758,(anonymous_286)
FN:1787,(anonymous_287)
FN:1800,(anonymous_288)
FN:1803,(anonymous_289)
FN:1807,(anonymous_290)
FN:1809,(anonymous_291)
FN:1811,(anonymous_292)
FN:1813,(anonymous_293)
FN:1830,(anonymous_294)
FN:1844,(anonymous_295)
FN:1848,(anonymous_296)
FN:1856,(anonymous_297)
FN:1859,(anonymous_298)
FN:1868,(anonymous_299)
FN:1876,(anonymous_300)
FN:1901,(anonymous_301)
FN:1910,(anonymous_302)
FN:1913,(anonymous_303)
FN:1919,(anonymous_304)
FN:1924,(anonymous_305)
FN:1929,(anonymous_306)
FN:1931,(anonymous_307)
FN:1965,(anonymous_308)
FN:1970,(anonymous_309)
FN:1994,(anonymous_310)
FN:2010,(anonymous_311)
FN:2023,(anonymous_312)
FN:2030,(anonymous_313)
FN:2037,(anonymous_314)
FN:2040,(anonymous_315)
FN:2050,(anonymous_316)
FN:2071,(anonymous_317)
FN:2081,(anonymous_318)
FN:2087,(anonymous_319)
FN:2123,(anonymous_320)
FN:2133,(anonymous_321)
FN:2138,(anonymous_322)
FN:2143,(anonymous_323)
FN:2146,(anonymous_324)
FN:2153,(anonymous_325)
FN:2156,(anonymous_326)
FN:2158,(anonymous_327)
FN:2159,(anonymous_328)
FN:2163,(anonymous_329)
FN:2167,(anonymous_330)
FN:2171,(anonymous_331)
FN:2176,(anonymous_332)
FN:2185,(anonymous_333)
FN:2190,(anonymous_334)
FN:2194,(anonymous_335)
FN:2200,(anonymous_336)
FN:2204,(anonymous_337)
FN:2209,(anonymous_338)
FN:2212,(anonymous_339)
FN:2214,(anonymous_340)
FN:2221,(anonymous_341)
FN:2227,(anonymous_342)
FN:2231,(anonymous_343)
FN:2239,(anonymous_344)
FN:2246,(anonymous_345)
FN:2248,(anonymous_346)
FN:2250,(anonymous_347)
FN:2257,(anonymous_348)
FN:2266,(anonymous_349)
FN:2269,(anonymous_350)
FN:2271,(anonymous_351)
FN:2274,(anonymous_352)
FN:2276,(anonymous_353)
FN:2281,(anonymous_354)
FN:2286,(anonymous_355)
FN:2289,(anonymous_356)
FN:2291,(anonymous_357)
FN:2297,(anonymous_358)
FN:2299,(anonymous_359)
FN:2304,(anonymous_360)
FN:2311,(anonymous_361)
FN:2314,(anonymous_362)
FN:2316,(anonymous_363)
FN:2319,(anonymous_364)
FN:2327,(anonymous_365)
FN:2333,(anonymous_366)
FN:2335,(anonymous_367)
FN:2337,(anonymous_368)
FN:2339,(anonymous_369)
FN:2341,(anonymous_370)
FN:2347,(anonymous_371)
FN:2350,(anonymous_372)
FN:2358,(anonymous_373)
FN:2361,(anonymous_374)
FN:2369,(anonymous_375)
FN:2371,(anonymous_376)
FN:2390,(anonymous_377)
FN:2391,(anonymous_378)
FN:2393,(anonymous_379)
FN:2396,(anonymous_380)
FN:2398,(anonymous_381)
FN:2405,(anonymous_382)
FN:2415,(anonymous_383)
FN:2420,(anonymous_384)
FN:2422,(anonymous_385)
FN:2428,(anonymous_386)
FN:2430,(anonymous_387)
FN:2434,(anonymous_388)
FN:2437,(anonymous_389)
FN:2444,(anonymous_390)
FN:2448,(anonymous_391)
FN:2452,(anonymous_392)
FN:2457,(anonymous_393)
FN:2461,(anonymous_394)
FN:2465,(anonymous_395)
FN:2468,(anonymous_396)
FN:2471,(anonymous_397)
FN:2475,(anonymous_398)
FN:2478,(anonymous_399)
FN:2485,(anonymous_400)
FN:2501,(anonymous_401)
FN:2504,(anonymous_402)
FN:2510,(anonymous_403)
FN:2514,(anonymous_404)
FN:2517,(anonymous_405)
FN:2522,(anonymous_406)
FN:2542,(anonymous_407)
FN:2544,(anonymous_408)
FN:2546,(anonymous_409)
FN:2549,(anonymous_410)
FN:2552,(anonymous_411)
FN:2555,(anonymous_412)
FN:2557,(anonymous_413)
FN:2583,(anonymous_414)
FN:2619,(anonymous_415)
FN:2630,(anonymous_416)
FN:2636,(anonymous_417)
FN:2641,(anonymous_418)
FN:2645,(anonymous_419)
FN:2647,urlHandler
FN:2652,(anonymous_421)
FN:2659,(anonymous_422)
FN:2665,(anonymous_423)
FN:2667,(anonymous_424)
FN:2669,(anonymous_425)
FN:2671,(anonymous_426)
FN:2673,(anonymous_427)
FN:2687,(anonymous_428)
FN:2689,(anonymous_429)
FN:2697,(anonymous_430)
FN:2699,(anonymous_431)
FN:2705,(anonymous_432)
FN:2714,(anonymous_433)
FN:2725,(anonymous_434)
FN:2727,(anonymous_435)
FN:2741,(anonymous_436)
FN:2749,(anonymous_437)
FN:2768,(anonymous_438)
FN:2774,(anonymous_439)
FN:2778,(anonymous_440)
FN:2780,(anonymous_441)
FN:2783,(anonymous_442)
FN:2790,(anonymous_443)
FN:2791,a
FN:2798,(anonymous_445)
FN:2802,(anonymous_446)
FN:2804,(anonymous_447)
FN:2811,(anonymous_448)
FN:2812,b
FN:2831,(anonymous_450)
FN:2835,(anonymous_451)
FN:2839,(anonymous_452)
FN:2847,(anonymous_453)
FN:2850,(anonymous_454)
FN:2857,(anonymous_455)
FN:2870,(anonymous_456)
FN:2872,(anonymous_457)
FN:2879,(anonymous_458)
FN:2916,(anonymous_459)
FN:2934,(anonymous_460)
FN:2941,(anonymous_461)
FN:2949,(anonymous_462)
FN:2952,(anonymous_463)
FN:2954,(anonymous_464)
FN:2955,(anonymous_465)
FN:2959,(anonymous_466)
FN:2976,(anonymous_467)
FN:2982,(anonymous_468)
FN:2987,(anonymous_469)
FN:2996,(anonymous_470)
FN:3005,(anonymous_471)
FN:3007,(anonymous_472)
FN:3014,(anonymous_473)
FN:3034,(anonymous_474)
FN:3048,(anonymous_475)
FN:3070,(anonymous_476)
FN:3072,(anonymous_477)
FN:3074,(anonymous_478)
FN:3076,(anonymous_479)
FN:3081,(anonymous_480)
FN:3084,(anonymous_481)
FN:3088,(anonymous_482)
FN:3140,(anonymous_483)
FN:3152,(anonymous_484)
FN:3159,(anonymous_485)
FN:3167,(anonymous_486)
FN:3194,(anonymous_487)
FN:3197,(anonymous_488)
FN:3203,(anonymous_489)
FN:3211,(anonymous_490)
FN:3214,(anonymous_491)
FN:3231,(anonymous_492)
FN:3239,(anonymous_493)
FN:3256,(anonymous_494)
FN:3264,(anonymous_495)
FN:3274,(anonymous_496)
FN:3282,(anonymous_497)
FN:3299,(anonymous_498)
FN:3334,(anonymous_499)
FN:3338,(anonymous_500)
FN:3349,(anonymous_501)
FN:3357,(anonymous_502)
FN:3360,(anonymous_503)
FN:3363,(anonymous_504)
FN:3367,(anonymous_505)
FN:3419,(anonymous_506)
FN:3420,u
FN:3424,w
FN:3449,(anonymous_509)
FN:3451,(anonymous_510)
FN:3457,(anonymous_511)
FN:3459,(anonymous_512)
FN:3461,(anonymous_513)
FN:3464,(anonymous_514)
FN:3466,(anonymous_515)
FN:3467,(anonymous_516)
FN:3472,(anonymous_517)
FN:3473,e
FN:3481,(anonymous_519)
FN:3485,(anonymous_520)
FN:3511,(anonymous_521)
FN:3523,(anonymous_522)
FN:3532,(anonymous_523)
FN:3537,(anonymous_524)
FN:3549,(anonymous_525)
FN:3551,(anonymous_526)
FN:3555,(anonymous_527)
FN:3558,(anonymous_528)
FN:3561,(anonymous_529)
FN:3564,(anonymous_530)
FN:3573,(anonymous_531)
FN:3576,(anonymous_532)
FN:3580,(anonymous_533)
FN:3584,(anonymous_534)
FN:3585,(anonymous_535)
FN:3591,(anonymous_536)
FN:3596,(anonymous_537)
FN:3609,(anonymous_538)
FN:3616,(anonymous_539)
FN:3625,(anonymous_540)
FN:3628,(anonymous_541)
FN:3635,(anonymous_542)
FN:3638,(anonymous_543)
FN:3641,(anonymous_544)
FN:3646,(anonymous_545)
FN:3651,(anonymous_546)
FN:3655,(anonymous_547)
FN:3660,(anonymous_548)
FN:3677,(anonymous_549)
FN:3685,(anonymous_550)
FN:3692,(anonymous_551)
FN:3696,(anonymous_552)
FN:3698,(anonymous_553)
FN:3704,(anonymous_554)
FN:3709,(anonymous_555)
FN:3716,(anonymous_556)
FN:3726,(anonymous_557)
FN:3732,(anonymous_558)
FN:3743,(anonymous_559)
FN:3753,(anonymous_560)
FN:3765,(anonymous_561)
FN:3776,(anonymous_562)
FN:3779,(anonymous_563)
FN:3785,(anonymous_564)
FN:3786,(anonymous_565)
FN:3788,(anonymous_566)
FN:3794,(anonymous_567)
FN:3797,(anonymous_568)
FN:3829,(anonymous_569)
FN:3830,M
FN:3908,N
FN:3910,(anonymous_572)
FN:3913,(anonymous_573)
FN:3924,H
FN:3935,(anonymous_575)
FN:3938,(anonymous_576)
FN:3941,(anonymous_577)
FN:3945,(anonymous_578)
FN:3968,(anonymous_579)
FN:3982,(anonymous_580)
FN:3989,(anonymous_581)
FN:3991,(anonymous_582)
FN:3999,(anonymous_583)
FN:4024,(anonymous_584)
FN:4031,(anonymous_585)
FN:4035,(anonymous_586)
FN:4048,(anonymous_587)
FN:4052,(anonymous_588)
FN:4054,(anonymous_589)
FN:4065,(anonymous_590)
FN:4092,(anonymous_591)
FN:4105,(anonymous_592)
FN:4112,(anonymous_593)
FN:4120,(anonymous_594)
FN:4125,(anonymous_595)
FN:4132,(anonymous_596)
FN:4140,(anonymous_597)
FN:4147,(anonymous_598)
FN:4152,(anonymous_599)
FN:4159,(anonymous_600)
FN:4182,(anonymous_601)
FN:4185,(anonymous_602)
FN:4188,(anonymous_603)
FN:4195,(anonymous_604)
FN:4199,(anonymous_605)
FN:4261,(anonymous_606)
FN:4269,(anonymous_607)
FN:4282,(anonymous_608)
FN:4306,(anonymous_609)
FN:4328,(anonymous_610)
FN:4346,(anonymous_611)
FN:4364,(anonymous_612)
FN:4370,(anonymous_613)
FN:4371,(anonymous_614)
FN:4376,(anonymous_615)
FN:4388,(anonymous_616)
FN:4394,(anonymous_617)
FN:4398,(anonymous_618)
FN:4402,(anonymous_619)
FN:4421,(anonymous_620)
FN:4424,(anonymous_621)
FN:4430,(anonymous_622)
FN:4439,(anonymous_623)
FN:4455,(anonymous_624)
FN:4463,(anonymous_625)
FN:4473,(anonymous_626)
FN:4478,(anonymous_627)
FN:4492,(anonymous_628)
FN:4497,(anonymous_629)
FN:4502,(anonymous_630)
FN:4506,(anonymous_631)
FN:4514,(anonymous_632)
FN:4619,(anonymous_633)
FN:4626,(anonymous_634)
FN:4629,(anonymous_635)
FN:4633,(anonymous_636)
FN:4670,(anonymous_637)
FN:4693,(anonymous_638)
FN:4696,(anonymous_639)
FN:4716,(anonymous_640)
FN:4719,(anonymous_641)
FN:4720,(anonymous_642)
FN:4724,(anonymous_643)
FN:4766,(anonymous_644)
FN:4772,(anonymous_645)
FN:4782,(anonymous_646)
FN:4786,(anonymous_647)
FN:4904,(anonymous_648)
FN:4921,(anonymous_649)
FN:4941,(anonymous_650)
FN:4951,(anonymous_651)
FN:4957,(anonymous_652)
FN:4962,(anonymous_653)
FN:4966,(anonymous_654)
FN:4969,(anonymous_655)
FN:4972,(anonymous_656)
FN:4975,(anonymous_657)
FN:4982,(anonymous_658)
FN:4987,(anonymous_659)
FN:4995,(anonymous_660)
FN:5005,(anonymous_661)
FN:5014,(anonymous_662)
FN:5039,(anonymous_663)
FN:5041,(anonymous_664)
FN:5051,(anonymous_665)
FN:5055,(anonymous_666)
FN:5059,(anonymous_667)
FN:5066,(anonymous_668)
FN:5070,(anonymous_669)
FN:5073,(anonymous_670)
FN:5095,(anonymous_671)
FN:5096,m
FN:5108,s
FN:5118,o
FN:5124,(anonymous_675)
FN:5133,p
FN:5142,u
FN:5148,k
FN:5177,l
FN:5185,(anonymous_680)
FN:5186,(anonymous_681)
FN:5253,(anonymous_682)
FN:5259,(anonymous_683)
FN:5261,(anonymous_684)
FN:5267,(anonymous_685)
FN:5268,(anonymous_686)
FN:5282,(anonymous_687)
FN:5284,(anonymous_688)
FN:5286,(anonymous_689)
FN:5289,(anonymous_690)
FN:5294,(anonymous_691)
FN:5296,(anonymous_692)
FN:5298,(anonymous_693)
FN:5301,(anonymous_694)
FN:5331,(anonymous_695)
FN:5350,(anonymous_696)
FN:5357,(anonymous_697)
FN:5365,(anonymous_698)
FN:5367,(anonymous_699)
FN:5375,(anonymous_700)
FN:5379,(anonymous_701)
FN:5383,(anonymous_702)
FN:5389,(anonymous_703)
FN:5395,(anonymous_704)
FN:5402,(anonymous_705)
FN:5404,(anonymous_706)
FN:5412,(anonymous_707)
FN:5414,(anonymous_708)
FN:5416,(anonymous_709)
FN:5418,(anonymous_710)
FN:5422,(anonymous_711)
FN:5424,(anonymous_712)
FN:5426,(anonymous_713)
FN:5429,(anonymous_714)
FN:5431,(anonymous_715)
FN:5433,(anonymous_716)
FN:5436,(anonymous_717)
FN:5439,(anonymous_718)
FN:5441,(anonymous_719)
FN:5444,(anonymous_720)
FN:5446,(anonymous_721)
FN:5448,(anonymous_722)
FN:5450,(anonymous_723)
FN:5452,(anonymous_724)
FN:5455,(anonymous_725)
FN:5460,(anonymous_726)
FN:5462,(anonymous_727)
FN:5464,(anonymous_728)
FN:5467,(anonymous_729)
FN:5479,(anonymous_730)
FN:5490,(anonymous_731)
FN:5503,(anonymous_732)
FN:5506,(anonymous_733)
FN:5509,(anonymous_734)
FN:5513,(anonymous_735)
FN:5515,(anonymous_736)
FN:5517,(anonymous_737)
FN:5537,(anonymous_738)
FN:5538,(anonymous_739)
FN:5539,(anonymous_740)
FN:5549,(anonymous_741)
FN:5573,(anonymous_742)
FN:5574,(anonymous_743)
FN:5575,(anonymous_744)
FN:5607,(anonymous_745)
FN:5618,(anonymous_746)
FN:5624,(anonymous_747)
FN:5644,(anonymous_748)
FN:5645,(anonymous_749)
FN:5646,(anonymous_750)
FN:5664,(anonymous_751)
FN:5688,(anonymous_752)
FN:5689,(anonymous_753)
FN:5690,(anonymous_754)
FN:5706,(anonymous_755)
FN:5730,(anonymous_756)
FN:5731,(anonymous_757)
FN:5732,(anonymous_758)
FN:5759,(anonymous_759)
FN:5781,(anonymous_760)
FN:5782,(anonymous_761)
FN:5783,(anonymous_762)
FN:5786,(anonymous_763)
FN:5807,(anonymous_764)
FN:5808,(anonymous_765)
FN:5809,(anonymous_766)
FN:5826,(anonymous_767)
FN:5849,(anonymous_768)
FN:5850,(anonymous_769)
FN:5851,(anonymous_770)
FN:5857,(anonymous_771)
FN:5882,(anonymous_772)
FN:5883,(anonymous_773)
FN:5884,(anonymous_774)
FN:5900,(anonymous_775)
FN:5904,(anonymous_776)
FN:5923,(anonymous_777)
FN:5924,(anonymous_778)
FN:5925,(anonymous_779)
FN:5938,(anonymous_780)
FN:5939,(anonymous_781)
FN:5970,(anonymous_782)
FN:5971,(anonymous_783)
FN:6017,(anonymous_784)
FN:6032,(anonymous_785)
FN:6038,(anonymous_786)
FN:6064,(anonymous_787)
FN:6065,(anonymous_788)
FN:6066,(anonymous_789)
FN:6083,(anonymous_790)
FN:6088,(anonymous_791)
FN:6108,(anonymous_792)
FN:6109,(anonymous_793)
FN:6110,(anonymous_794)
FN:6123,(anonymous_795)
FN:6147,(anonymous_796)
FN:6148,(anonymous_797)
FN:6149,(anonymous_798)
FN:6159,(anonymous_799)
FN:6168,(anonymous_800)
FN:6170,(anonymous_801)
FN:6171,(anonymous_802)
FN:6226,(anonymous_803)
FN:6231,(anonymous_804)
FN:6242,(anonymous_805)
FN:6244,(anonymous_806)
FN:6256,(anonymous_807)
FN:6275,(anonymous_808)
FN:6277,(anonymous_809)
FN:6280,(anonymous_810)
FN:6283,(anonymous_811)
FN:6286,(anonymous_812)
FN:6289,(anonymous_813)
FN:6297,(anonymous_814)
FN:6300,(anonymous_815)
FN:6303,(anonymous_816)
FN:6306,(anonymous_817)
FN:6313,(anonymous_818)
FN:6316,(anonymous_819)
FN:6321,(anonymous_820)
FN:6331,(anonymous_821)
FN:6335,(anonymous_822)
FN:6341,(anonymous_823)
FN:6348,(anonymous_824)
FN:6349,SVGManager
FN:6359,detectActiveX
FN:6427,(anonymous_827)
FN:6460,(anonymous_828)
FN:6479,(anonymous_829)
FN:6498,(anonymous_830)
FN:6502,(anonymous_831)
FN:6513,(anonymous_832)
FN:6518,SVGWrapper
FN:6528,(anonymous_834)
FN:6530,(anonymous_835)
FN:6532,(anonymous_836)
FN:6534,(anonymous_837)
FN:6547,(anonymous_838)
FN:6549,(anonymous_839)
FN:6560,(anonymous_840)
FN:6576,(anonymous_841)
FN:6584,(anonymous_842)
FN:6589,(anonymous_843)
FN:6594,(anonymous_844)
FN:6597,(anonymous_845)
FN:6603,(anonymous_846)
FN:6613,(anonymous_847)
FN:6621,(anonymous_848)
FN:6629,(anonymous_849)
FN:6633,(anonymous_850)
FN:6637,(anonymous_851)
FN:6647,(anonymous_852)
FN:6657,(anonymous_853)
FN:6666,(anonymous_854)
FN:6668,(anonymous_855)
FN:6670,(anonymous_856)
FN:6679,(anonymous_857)
FN:6682,(anonymous_858)
FN:6697,(anonymous_859)
FN:6702,(anonymous_860)
FN:6712,(anonymous_861)
FN:6715,(anonymous_862)
FN:6723,(anonymous_863)
FN:6726,(anonymous_864)
FN:6734,(anonymous_865)
FN:6737,(anonymous_866)
FN:6740,(anonymous_867)
FN:6743,(anonymous_868)
FN:6749,(anonymous_869)
FN:6760,(anonymous_870)
FN:6765,(anonymous_871)
FN:6793,(anonymous_872)
FN:6796,(anonymous_873)
FN:6807,(anonymous_874)
FN:6818,(anonymous_875)
FN:6826,(anonymous_876)
FN:6860,(anonymous_877)
FN:6863,(anonymous_878)
FN:6870,(anonymous_879)
FN:6878,(anonymous_880)
FN:6890,(anonymous_881)
FN:6933,(anonymous_882)
FN:6935,(anonymous_883)
FN:6941,(anonymous_884)
FN:6945,(anonymous_885)
FN:6953,(anonymous_886)
FN:6956,(anonymous_887)
FN:6988,(anonymous_888)
FN:6996,SVGPath
FN:7001,(anonymous_890)
FN:7004,(anonymous_891)
FN:7007,(anonymous_892)
FN:7010,(anonymous_893)
FN:7013,(anonymous_894)
FN:7016,(anonymous_895)
FN:7019,(anonymous_896)
FN:7022,(anonymous_897)
FN:7025,(anonymous_898)
FN:7028,(anonymous_899)
FN:7038,(anonymous_900)
FN:7050,(anonymous_901)
FN:7053,(anonymous_902)
FN:7067,SVGText
FN:7072,(anonymous_904)
FN:7075,(anonymous_905)
FN:7078,(anonymous_906)
FN:7081,(anonymous_907)
FN:7084,(anonymous_908)
FN:7089,(anonymous_909)
FN:7094,(anonymous_910)
FN:7103,isArray
FN:7109,(anonymous_912)
FN:7116,(anonymous_913)
FN:7117,(anonymous_914)
FN:7118,(anonymous_915)
FN:7120,(anonymous_916)
FN:7123,(anonymous_917)
FN:7136,(anonymous_918)
FN:7137,(anonymous_919)
FN:7139,(anonymous_920)
FN:7142,(anonymous_921)
FN:7144,(anonymous_922)
FN:7155,(anonymous_923)
FN:7156,(anonymous_924)
FN:7157,(anonymous_925)
FN:7169,(anonymous_926)
FN:7170,(anonymous_927)
FN:7173,(anonymous_928)
FN:7185,(anonymous_929)
FN:7186,(anonymous_930)
FN:7224,(anonymous_931)
FN:7236,(anonymous_932)
FN:7237,(anonymous_933)
FN:7238,(anonymous_934)
FN:7248,anySVG
FN:7257,(anonymous_936)
FN:7258,(anonymous_937)
FN:7262,(anonymous_938)
FN:7263,(anonymous_939)
FN:7267,(anonymous_940)
FN:7268,(anonymous_941)
FN:7272,(anonymous_942)
FN:7273,(anonymous_943)
FN:7277,(anonymous_944)
FN:7278,(anonymous_945)
FN:7285,(anonymous_946)
FN:7299,(anonymous_947)
FN:7323,(anonymous_948)
FN:7327,(anonymous_949)
FN:7328,(anonymous_950)
FN:7332,(anonymous_951)
FN:7345,isSVGElem
FN:7389,(anonymous_957)
FN:7392,(anonymous_958)
FN:7437,(anonymous_959)
FN:7466,(anonymous_960)
FN:7586,(anonymous_961)
FN:7590,(anonymous_962)
FN:7596,(anonymous_963)
FN:7608,(anonymous_964)
FN:7637,(anonymous_965)
FN:7641,(anonymous_966)
FN:7651,(anonymous_967)
FN:7658,(anonymous_968)
FN:7662,(anonymous_969)
FN:7666,(anonymous_970)
FN:7671,(anonymous_971)
FN:7672,(anonymous_972)
FN:7677,(anonymous_973)
FN:7691,(anonymous_974)
FN:7756,(anonymous_975)
FN:7776,(anonymous_976)
FN:7785,(anonymous_977)
FN:7811,(anonymous_978)
FN:7860,(anonymous_979)
FN:7864,(anonymous_980)
FN:7869,(anonymous_981)
FN:7873,(anonymous_982)
FN:7877,(anonymous_983)
FN:7883,(anonymous_984)
FN:7913,(anonymous_985)
FN:7920,(anonymous_986)
FN:7924,(anonymous_987)
FN:7950,(anonymous_988)
FN:7970,(anonymous_989)
FN:7976,(anonymous_990)
FN:7981,(anonymous_991)
FN:7989,(anonymous_992)
FN:7993,(anonymous_993)
FN:7998,(anonymous_994)
FN:8040,(anonymous_995)
FN:8047,(anonymous_996)
FN:8054,(anonymous_997)
FN:8072,(anonymous_998)
FN:8094,(anonymous_999)
FN:8114,(anonymous_1000)
FN:8131,(anonymous_1001)
FN:8168,(anonymous_1002)
FN:8183,(anonymous_1003)
FN:8195,(anonymous_1004)
FN:8222,(anonymous_1005)
FN:8228,(anonymous_1006)
FN:8240,(anonymous_1007)
FN:8241,jQuerySub
FN:8250,init
FN:8266,(anonymous_1010)
FN:8292,(anonymous_1011)
FN:8298,(anonymous_1012)
FN:8308,doScrollCheck
FN:8335,createFlags
FN:8367,(anonymous_1015)
FN:8388,(anonymous_1016)
FN:8409,(anonymous_1017)
FN:8439,(anonymous_1018)
FN:8458,(anonymous_1019)
FN:8489,(anonymous_1020)
FN:8502,(anonymous_1021)
FN:8507,(anonymous_1022)
FN:8512,(anonymous_1023)
FN:8516,(anonymous_1024)
FN:8524,(anonymous_1025)
FN:8528,(anonymous_1026)
FN:8541,(anonymous_1027)
FN:8546,(anonymous_1028)
FN:8560,(anonymous_1029)
FN:8575,(anonymous_1030)
FN:8583,(anonymous_1031)
FN:8587,(anonymous_1032)
FN:8591,(anonymous_1033)
FN:8592,(anonymous_1034)
FN:8597,(anonymous_1035)
FN:8602,(anonymous_1036)
FN:8618,(anonymous_1037)
FN:8638,(anonymous_1038)
FN:8640,(anonymous_1039)
FN:8654,(anonymous_1040)
FN:8666,resolveFunc
FN:8667,(anonymous_1042)
FN:8675,progressFunc
FN:8676,(anonymous_1044)
FN:8701,(anonymous_1045)
FN:8813,(anonymous_1046)
FN:8888,(anonymous_1047)
FN:9010,(anonymous_1048)
FN:9015,(anonymous_1049)
FN:9116,(anonymous_1050)
FN:9214,(anonymous_1051)
FN:9219,(anonymous_1052)
FN:9233,(anonymous_1053)
FN:9259,(anonymous_1054)
FN:9281,(anonymous_1055)
FNF:928
FNH:30
FNDA:0,(anonymous_124)
FNDA:0,(anonymous_125)
FNDA:0,(anonymous_126)
FNDA:0,(anonymous_127)
FNDA:0,(anonymous_128)
FNDA:0,(anonymous_129)
FNDA:0,(anonymous_130)
FNDA:0,(anonymous_131)
FNDA:0,(anonymous_132)
FNDA:0,(anonymous_133)
FNDA:0,(anonymous_134)
FNDA:0,(anonymous_135)
FNDA:0,(anonymous_136)
FNDA:0,(anonymous_137)
FNDA:0,(anonymous_138)
FNDA:0,(anonymous_139)
FNDA:0,(anonymous_140)
FNDA:0,(anonymous_141)
FNDA:0,(anonymous_142)
FNDA:0,(anonymous_143)
FNDA:0,(anonymous_144)
FNDA:0,(anonymous_145)
FNDA:0,(anonymous_146)
FNDA:0,(anonymous_147)
FNDA:0,(anonymous_148)
FNDA:0,(anonymous_149)
FNDA:0,(anonymous_150)
FNDA:0,(anonymous_151)
FNDA:0,(anonymous_152)
FNDA:0,(anonymous_153)
FNDA:0,(anonymous_154)
FNDA:0,(anonymous_155)
FNDA:0,(anonymous_156)
FNDA:0,(anonymous_157)
FNDA:0,(anonymous_158)
FNDA:0,(anonymous_159)
FNDA:0,(anonymous_160)
FNDA:0,(anonymous_161)
FNDA:0,(anonymous_162)
FNDA:0,(anonymous_163)
FNDA:0,(anonymous_164)
FNDA:0,(anonymous_165)
FNDA:0,(anonymous_166)
FNDA:0,(anonymous_167)
FNDA:0,(anonymous_168)
FNDA:0,(anonymous_169)
FNDA:0,(anonymous_170)
FNDA:0,(anonymous_171)
FNDA:0,(anonymous_172)
FNDA:0,(anonymous_173)
FNDA:0,(anonymous_174)
FNDA:0,(anonymous_175)
FNDA:0,(anonymous_176)
FNDA:0,(anonymous_177)
FNDA:0,(anonymous_178)
FNDA:0,(anonymous_179)
FNDA:0,(anonymous_180)
FNDA:0,(anonymous_181)
FNDA:0,(anonymous_182)
FNDA:0,(anonymous_183)
FNDA:0,(anonymous_184)
FNDA:0,(anonymous_185)
FNDA:0,(anonymous_186)
FNDA:0,(anonymous_187)
FNDA:0,(anonymous_188)
FNDA:0,(anonymous_189)
FNDA:0,(anonymous_190)
FNDA:0,(anonymous_191)
FNDA:0,(anonymous_192)
FNDA:0,(anonymous_193)
FNDA:0,(anonymous_194)
FNDA:0,(anonymous_195)
FNDA:0,(anonymous_196)
FNDA:0,(anonymous_197)
FNDA:0,(anonymous_198)
FNDA:0,(anonymous_199)
FNDA:0,(anonymous_200)
FNDA:0,(anonymous_201)
FNDA:0,(anonymous_202)
FNDA:0,(anonymous_203)
FNDA:0,(anonymous_204)
FNDA:0,(anonymous_205)
FNDA:0,(anonymous_206)
FNDA:0,(anonymous_207)
FNDA:0,(anonymous_208)
FNDA:0,(anonymous_209)
FNDA:0,(anonymous_210)
FNDA:0,(anonymous_211)
FNDA:0,(anonymous_212)
FNDA:0,(anonymous_213)
FNDA:0,(anonymous_214)
FNDA:0,(anonymous_215)
FNDA:0,(anonymous_216)
FNDA:0,(anonymous_217)
FNDA:0,(anonymous_218)
FNDA:0,(anonymous_219)
FNDA:0,(anonymous_220)
FNDA:0,(anonymous_221)
FNDA:0,(anonymous_222)
FNDA:0,(anonymous_223)
FNDA:0,(anonymous_224)
FNDA:0,(anonymous_225)
FNDA:0,(anonymous_226)
FNDA:0,(anonymous_227)
FNDA:0,(anonymous_228)
FNDA:0,(anonymous_229)
FNDA:0,(anonymous_230)
FNDA:0,(anonymous_231)
FNDA:0,(anonymous_232)
FNDA:0,(anonymous_233)
FNDA:0,(anonymous_234)
FNDA:0,(anonymous_235)
FNDA:0,(anonymous_236)
FNDA:0,(anonymous_237)
FNDA:0,(anonymous_238)
FNDA:0,(anonymous_239)
FNDA:0,(anonymous_240)
FNDA:0,(anonymous_241)
FNDA:0,(anonymous_242)
FNDA:0,(anonymous_243)
FNDA:0,(anonymous_244)
FNDA:0,(anonymous_245)
FNDA:0,(anonymous_246)
FNDA:0,(anonymous_247)
FNDA:0,(anonymous_248)
FNDA:0,(anonymous_249)
FNDA:0,(anonymous_250)
FNDA:0,(anonymous_251)
FNDA:0,(anonymous_252)
FNDA:0,(anonymous_253)
FNDA:0,(anonymous_254)
FNDA:0,(anonymous_255)
FNDA:0,(anonymous_256)
FNDA:0,(anonymous_257)
FNDA:0,(anonymous_258)
FNDA:0,(anonymous_259)
FNDA:0,(anonymous_260)
FNDA:0,(anonymous_261)
FNDA:0,(anonymous_262)
FNDA:0,(anonymous_263)
FNDA:0,(anonymous_264)
FNDA:0,(anonymous_265)
FNDA:0,(anonymous_266)
FNDA:0,(anonymous_267)
FNDA:0,(anonymous_268)
FNDA:0,(anonymous_269)
FNDA:0,(anonymous_270)
FNDA:0,(anonymous_271)
FNDA:0,(anonymous_272)
FNDA:0,(anonymous_273)
FNDA:0,(anonymous_274)
FNDA:0,(anonymous_275)
FNDA:0,(anonymous_276)
FNDA:0,(anonymous_277)
FNDA:0,(anonymous_278)
FNDA:0,(anonymous_279)
FNDA:0,(anonymous_280)
FNDA:0,(anonymous_281)
FNDA:0,(anonymous_282)
FNDA:0,(anonymous_283)
FNDA:0,(anonymous_284)
FNDA:0,(anonymous_285)
FNDA:0,(anonymous_286)
FNDA:0,(anonymous_287)
FNDA:0,(anonymous_288)
FNDA:0,(anonymous_289)
FNDA:0,(anonymous_290)
FNDA:0,(anonymous_291)
FNDA:0,(anonymous_292)
FNDA:0,(anonymous_293)
FNDA:0,(anonymous_294)
FNDA:0,(anonymous_295)
FNDA:0,(anonymous_296)
FNDA:0,(anonymous_297)
FNDA:0,(anonymous_298)
FNDA:0,(anonymous_299)
FNDA:0,(anonymous_300)
FNDA:0,(anonymous_301)
FNDA:0,(anonymous_302)
FNDA:0,(anonymous_303)
FNDA:0,(anonymous_304)
FNDA:0,(anonymous_305)
FNDA:0,(anonymous_306)
FNDA:0,(anonymous_307)
FNDA:0,(anonymous_308)
FNDA:0,(anonymous_309)
FNDA:0,(anonymous_310)
FNDA:0,(anonymous_311)
FNDA:0,(anonymous_312)
FNDA:0,(anonymous_313)
FNDA:0,(anonymous_314)
FNDA:0,(anonymous_315)
FNDA:0,(anonymous_316)
FNDA:0,(anonymous_317)
FNDA:0,(anonymous_318)
FNDA:0,(anonymous_319)
FNDA:0,(anonymous_320)
FNDA:0,(anonymous_321)
FNDA:0,(anonymous_322)
FNDA:0,(anonymous_323)
FNDA:0,(anonymous_324)
FNDA:0,(anonymous_325)
FNDA:0,(anonymous_326)
FNDA:0,(anonymous_327)
FNDA:0,(anonymous_328)
FNDA:0,(anonymous_329)
FNDA:0,(anonymous_330)
FNDA:0,(anonymous_331)
FNDA:0,(anonymous_332)
FNDA:0,(anonymous_333)
FNDA:0,(anonymous_334)
FNDA:0,(anonymous_335)
FNDA:0,(anonymous_336)
FNDA:0,(anonymous_337)
FNDA:0,(anonymous_338)
FNDA:0,(anonymous_339)
FNDA:0,(anonymous_340)
FNDA:0,(anonymous_341)
FNDA:0,(anonymous_342)
FNDA:0,(anonymous_343)
FNDA:0,(anonymous_344)
FNDA:0,(anonymous_345)
FNDA:0,(anonymous_346)
FNDA:0,(anonymous_347)
FNDA:0,(anonymous_348)
FNDA:0,(anonymous_349)
FNDA:0,(anonymous_350)
FNDA:0,(anonymous_351)
FNDA:0,(anonymous_352)
FNDA:0,(anonymous_353)
FNDA:0,(anonymous_354)
FNDA:0,(anonymous_355)
FNDA:0,(anonymous_356)
FNDA:0,(anonymous_357)
FNDA:0,(anonymous_358)
FNDA:0,(anonymous_359)
FNDA:0,(anonymous_360)
FNDA:0,(anonymous_361)
FNDA:0,(anonymous_362)
FNDA:0,(anonymous_363)
FNDA:0,(anonymous_364)
FNDA:0,(anonymous_365)
FNDA:0,(anonymous_366)
FNDA:0,(anonymous_367)
FNDA:0,(anonymous_368)
FNDA:0,(anonymous_369)
FNDA:0,(anonymous_370)
FNDA:0,(anonymous_371)
FNDA:0,(anonymous_372)
FNDA:0,(anonymous_373)
FNDA:0,(anonymous_374)
FNDA:0,(anonymous_375)
FNDA:0,(anonymous_376)
FNDA:0,(anonymous_377)
FNDA:0,(anonymous_378)
FNDA:0,(anonymous_379)
FNDA:0,(anonymous_380)
FNDA:0,(anonymous_381)
FNDA:0,(anonymous_382)
FNDA:0,(anonymous_383)
FNDA:0,(anonymous_384)
FNDA:0,(anonymous_385)
FNDA:0,(anonymous_386)
FNDA:0,(anonymous_387)
FNDA:0,(anonymous_388)
FNDA:0,(anonymous_389)
FNDA:0,(anonymous_390)
FNDA:0,(anonymous_391)
FNDA:0,(anonymous_392)
FNDA:0,(anonymous_393)
FNDA:0,(anonymous_394)
FNDA:0,(anonymous_395)
FNDA:0,(anonymous_396)
FNDA:0,(anonymous_397)
FNDA:0,(anonymous_398)
FNDA:0,(anonymous_399)
FNDA:0,(anonymous_400)
FNDA:0,(anonymous_401)
FNDA:0,(anonymous_402)
FNDA:0,(anonymous_403)
FNDA:0,(anonymous_404)
FNDA:0,(anonymous_405)
FNDA:0,(anonymous_406)
FNDA:0,(anonymous_407)
FNDA:0,(anonymous_408)
FNDA:0,(anonymous_409)
FNDA:0,(anonymous_410)
FNDA:0,(anonymous_411)
FNDA:0,(anonymous_412)
FNDA:0,(anonymous_413)
FNDA:0,(anonymous_414)
FNDA:0,(anonymous_415)
FNDA:0,(anonymous_416)
FNDA:0,(anonymous_417)
FNDA:0,(anonymous_418)
FNDA:0,(anonymous_419)
FNDA:0,urlHandler
FNDA:0,(anonymous_421)
FNDA:0,(anonymous_422)
FNDA:0,(anonymous_423)
FNDA:0,(anonymous_424)
FNDA:0,(anonymous_425)
FNDA:0,(anonymous_426)
FNDA:0,(anonymous_427)
FNDA:0,(anonymous_428)
FNDA:0,(anonymous_429)
FNDA:0,(anonymous_430)
FNDA:0,(anonymous_431)
FNDA:0,(anonymous_432)
FNDA:0,(anonymous_433)
FNDA:0,(anonymous_434)
FNDA:0,(anonymous_435)
FNDA:0,(anonymous_436)
FNDA:0,(anonymous_437)
FNDA:0,(anonymous_438)
FNDA:0,(anonymous_439)
FNDA:0,(anonymous_440)
FNDA:0,(anonymous_441)
FNDA:0,(anonymous_442)
FNDA:0,(anonymous_443)
FNDA:0,a
FNDA:0,(anonymous_445)
FNDA:0,(anonymous_446)
FNDA:0,(anonymous_447)
FNDA:0,(anonymous_448)
FNDA:0,b
FNDA:0,(anonymous_450)
FNDA:0,(anonymous_451)
FNDA:0,(anonymous_452)
FNDA:0,(anonymous_453)
FNDA:0,(anonymous_454)
FNDA:0,(anonymous_455)
FNDA:0,(anonymous_456)
FNDA:0,(anonymous_457)
FNDA:0,(anonymous_458)
FNDA:0,(anonymous_459)
FNDA:0,(anonymous_460)
FNDA:0,(anonymous_461)
FNDA:0,(anonymous_462)
FNDA:0,(anonymous_463)
FNDA:0,(anonymous_464)
FNDA:0,(anonymous_465)
FNDA:0,(anonymous_466)
FNDA:0,(anonymous_467)
FNDA:0,(anonymous_468)
FNDA:0,(anonymous_469)
FNDA:0,(anonymous_470)
FNDA:0,(anonymous_471)
FNDA:0,(anonymous_472)
FNDA:0,(anonymous_473)
FNDA:0,(anonymous_474)
FNDA:0,(anonymous_475)
FNDA:0,(anonymous_476)
FNDA:0,(anonymous_477)
FNDA:0,(anonymous_478)
FNDA:0,(anonymous_479)
FNDA:0,(anonymous_480)
FNDA:0,(anonymous_481)
FNDA:0,(anonymous_482)
FNDA:0,(anonymous_483)
FNDA:0,(anonymous_484)
FNDA:0,(anonymous_485)
FNDA:0,(anonymous_486)
FNDA:0,(anonymous_487)
FNDA:0,(anonymous_488)
FNDA:0,(anonymous_489)
FNDA:0,(anonymous_490)
FNDA:0,(anonymous_491)
FNDA:0,(anonymous_492)
FNDA:0,(anonymous_493)
FNDA:0,(anonymous_494)
FNDA:0,(anonymous_495)
FNDA:0,(anonymous_496)
FNDA:0,(anonymous_497)
FNDA:0,(anonymous_498)
FNDA:0,(anonymous_499)
FNDA:0,(anonymous_500)
FNDA:0,(anonymous_501)
FNDA:0,(anonymous_502)
FNDA:0,(anonymous_503)
FNDA:0,(anonymous_504)
FNDA:0,(anonymous_505)
FNDA:0,(anonymous_506)
FNDA:0,u
FNDA:0,w
FNDA:0,(anonymous_509)
FNDA:0,(anonymous_510)
FNDA:0,(anonymous_511)
FNDA:0,(anonymous_512)
FNDA:0,(anonymous_513)
FNDA:0,(anonymous_514)
FNDA:0,(anonymous_515)
FNDA:0,(anonymous_516)
FNDA:0,(anonymous_517)
FNDA:0,e
FNDA:0,(anonymous_519)
FNDA:0,(anonymous_520)
FNDA:0,(anonymous_521)
FNDA:0,(anonymous_522)
FNDA:0,(anonymous_523)
FNDA:0,(anonymous_524)
FNDA:0,(anonymous_525)
FNDA:0,(anonymous_526)
FNDA:0,(anonymous_527)
FNDA:0,(anonymous_528)
FNDA:0,(anonymous_529)
FNDA:0,(anonymous_530)
FNDA:0,(anonymous_531)
FNDA:0,(anonymous_532)
FNDA:0,(anonymous_533)
FNDA:0,(anonymous_534)
FNDA:0,(anonymous_535)
FNDA:0,(anonymous_536)
FNDA:0,(anonymous_537)
FNDA:0,(anonymous_538)
FNDA:0,(anonymous_539)
FNDA:0,(anonymous_540)
FNDA:0,(anonymous_541)
FNDA:0,(anonymous_542)
FNDA:0,(anonymous_543)
FNDA:0,(anonymous_544)
FNDA:0,(anonymous_545)
FNDA:0,(anonymous_546)
FNDA:0,(anonymous_547)
FNDA:0,(anonymous_548)
FNDA:0,(anonymous_549)
FNDA:0,(anonymous_550)
FNDA:0,(anonymous_551)
FNDA:0,(anonymous_552)
FNDA:0,(anonymous_553)
FNDA:0,(anonymous_554)
FNDA:0,(anonymous_555)
FNDA:0,(anonymous_556)
FNDA:0,(anonymous_557)
FNDA:0,(anonymous_558)
FNDA:0,(anonymous_559)
FNDA:0,(anonymous_560)
FNDA:0,(anonymous_561)
FNDA:0,(anonymous_562)
FNDA:0,(anonymous_563)
FNDA:0,(anonymous_564)
FNDA:0,(anonymous_565)
FNDA:0,(anonymous_566)
FNDA:0,(anonymous_567)
FNDA:0,(anonymous_568)
FNDA:0,(anonymous_569)
FNDA:0,M
FNDA:0,N
FNDA:0,(anonymous_572)
FNDA:0,(anonymous_573)
FNDA:0,H
FNDA:0,(anonymous_575)
FNDA:0,(anonymous_576)
FNDA:0,(anonymous_577)
FNDA:0,(anonymous_578)
FNDA:0,(anonymous_579)
FNDA:0,(anonymous_580)
FNDA:0,(anonymous_581)
FNDA:0,(anonymous_582)
FNDA:0,(anonymous_583)
FNDA:0,(anonymous_584)
FNDA:0,(anonymous_585)
FNDA:0,(anonymous_586)
FNDA:0,(anonymous_587)
FNDA:0,(anonymous_588)
FNDA:0,(anonymous_589)
FNDA:0,(anonymous_590)
FNDA:0,(anonymous_591)
FNDA:0,(anonymous_592)
FNDA:0,(anonymous_593)
FNDA:0,(anonymous_594)
FNDA:0,(anonymous_595)
FNDA:0,(anonymous_596)
FNDA:0,(anonymous_597)
FNDA:0,(anonymous_598)
FNDA:0,(anonymous_599)
FNDA:0,(anonymous_600)
FNDA:0,(anonymous_601)
FNDA:0,(anonymous_602)
FNDA:0,(anonymous_603)
FNDA:0,(anonymous_604)
FNDA:0,(anonymous_605)
FNDA:0,(anonymous_606)
FNDA:0,(anonymous_607)
FNDA:0,(anonymous_608)
FNDA:0,(anonymous_609)
FNDA:0,(anonymous_610)
FNDA:0,(anonymous_611)
FNDA:0,(anonymous_612)
FNDA:0,(anonymous_613)
FNDA:0,(anonymous_614)
FNDA:0,(anonymous_615)
FNDA:0,(anonymous_616)
FNDA:0,(anonymous_617)
FNDA:0,(anonymous_618)
FNDA:0,(anonymous_619)
FNDA:0,(anonymous_620)
FNDA:0,(anonymous_621)
FNDA:0,(anonymous_622)
FNDA:0,(anonymous_623)
FNDA:0,(anonymous_624)
FNDA:0,(anonymous_625)
FNDA:0,(anonymous_626)
FNDA:0,(anonymous_627)
FNDA:0,(anonymous_628)
FNDA:0,(anonymous_629)
FNDA:0,(anonymous_630)
FNDA:0,(anonymous_631)
FNDA:0,(anonymous_632)
FNDA:0,(anonymous_633)
FNDA:0,(anonymous_634)
FNDA:0,(anonymous_635)
FNDA:0,(anonymous_636)
FNDA:0,(anonymous_637)
FNDA:0,(anonymous_638)
FNDA:0,(anonymous_639)
FNDA:0,(anonymous_640)
FNDA:0,(anonymous_641)
FNDA:0,(anonymous_642)
FNDA:0,(anonymous_643)
FNDA:0,(anonymous_644)
FNDA:0,(anonymous_645)
FNDA:0,(anonymous_646)
FNDA:0,(anonymous_647)
FNDA:0,(anonymous_648)
FNDA:0,(anonymous_649)
FNDA:0,(anonymous_650)
FNDA:0,(anonymous_651)
FNDA:0,(anonymous_652)
FNDA:0,(anonymous_653)
FNDA:0,(anonymous_654)
FNDA:0,(anonymous_655)
FNDA:0,(anonymous_656)
FNDA:0,(anonymous_657)
FNDA:0,(anonymous_658)
FNDA:0,(anonymous_659)
FNDA:0,(anonymous_660)
FNDA:0,(anonymous_661)
FNDA:0,(anonymous_662)
FNDA:0,(anonymous_663)
FNDA:0,(anonymous_664)
FNDA:0,(anonymous_665)
FNDA:0,(anonymous_666)
FNDA:0,(anonymous_667)
FNDA:0,(anonymous_668)
FNDA:0,(anonymous_669)
FNDA:0,(anonymous_670)
FNDA:0,(anonymous_671)
FNDA:0,m
FNDA:0,s
FNDA:0,o
FNDA:0,(anonymous_675)
FNDA:0,p
FNDA:0,u
FNDA:0,k
FNDA:0,l
FNDA:0,(anonymous_680)
FNDA:0,(anonymous_681)
FNDA:0,(anonymous_682)
FNDA:0,(anonymous_683)
FNDA:0,(anonymous_684)
FNDA:0,(anonymous_685)
FNDA:0,(anonymous_686)
FNDA:0,(anonymous_687)
FNDA:0,(anonymous_688)
FNDA:0,(anonymous_689)
FNDA:0,(anonymous_690)
FNDA:0,(anonymous_691)
FNDA:0,(anonymous_692)
FNDA:0,(anonymous_693)
FNDA:0,(anonymous_694)
FNDA:0,(anonymous_695)
FNDA:0,(anonymous_696)
FNDA:0,(anonymous_697)
FNDA:0,(anonymous_698)
FNDA:0,(anonymous_699)
FNDA:0,(anonymous_700)
FNDA:0,(anonymous_701)
FNDA:0,(anonymous_702)
FNDA:0,(anonymous_703)
FNDA:0,(anonymous_704)
FNDA:0,(anonymous_705)
FNDA:0,(anonymous_706)
FNDA:0,(anonymous_707)
FNDA:0,(anonymous_708)
FNDA:0,(anonymous_709)
FNDA:0,(anonymous_710)
FNDA:0,(anonymous_711)
FNDA:0,(anonymous_712)
FNDA:0,(anonymous_713)
FNDA:0,(anonymous_714)
FNDA:0,(anonymous_715)
FNDA:0,(anonymous_716)
FNDA:0,(anonymous_717)
FNDA:0,(anonymous_718)
FNDA:0,(anonymous_719)
FNDA:0,(anonymous_720)
FNDA:0,(anonymous_721)
FNDA:0,(anonymous_722)
FNDA:0,(anonymous_723)
FNDA:0,(anonymous_724)
FNDA:0,(anonymous_725)
FNDA:0,(anonymous_726)
FNDA:0,(anonymous_727)
FNDA:0,(anonymous_728)
FNDA:0,(anonymous_729)
FNDA:0,(anonymous_730)
FNDA:0,(anonymous_731)
FNDA:0,(anonymous_732)
FNDA:0,(anonymous_733)
FNDA:0,(anonymous_734)
FNDA:0,(anonymous_735)
FNDA:0,(anonymous_736)
FNDA:0,(anonymous_737)
FNDA:0,(anonymous_738)
FNDA:0,(anonymous_739)
FNDA:0,(anonymous_740)
FNDA:0,(anonymous_741)
FNDA:0,(anonymous_742)
FNDA:0,(anonymous_743)
FNDA:0,(anonymous_744)
FNDA:0,(anonymous_745)
FNDA:0,(anonymous_746)
FNDA:0,(anonymous_747)
FNDA:0,(anonymous_748)
FNDA:0,(anonymous_749)
FNDA:0,(anonymous_750)
FNDA:0,(anonymous_751)
FNDA:0,(anonymous_752)
FNDA:0,(anonymous_753)
FNDA:0,(anonymous_754)
FNDA:0,(anonymous_755)
FNDA:0,(anonymous_756)
FNDA:0,(anonymous_757)
FNDA:0,(anonymous_758)
FNDA:0,(anonymous_759)
FNDA:0,(anonymous_760)
FNDA:0,(anonymous_761)
FNDA:0,(anonymous_762)
FNDA:0,(anonymous_763)
FNDA:0,(anonymous_764)
FNDA:0,(anonymous_765)
FNDA:0,(anonymous_766)
FNDA:0,(anonymous_767)
FNDA:0,(anonymous_768)
FNDA:0,(anonymous_769)
FNDA:0,(anonymous_770)
FNDA:0,(anonymous_771)
FNDA:0,(anonymous_772)
FNDA:0,(anonymous_773)
FNDA:0,(anonymous_774)
FNDA:0,(anonymous_775)
FNDA:0,(anonymous_776)
FNDA:0,(anonymous_777)
FNDA:0,(anonymous_778)
FNDA:0,(anonymous_779)
FNDA:0,(anonymous_780)
FNDA:0,(anonymous_781)
FNDA:0,(anonymous_782)
FNDA:0,(anonymous_783)
FNDA:0,(anonymous_784)
FNDA:0,(anonymous_785)
FNDA:0,(anonymous_786)
FNDA:0,(anonymous_787)
FNDA:0,(anonymous_788)
FNDA:0,(anonymous_789)
FNDA:0,(anonymous_790)
FNDA:0,(anonymous_791)
FNDA:0,(anonymous_792)
FNDA:0,(anonymous_793)
FNDA:0,(anonymous_794)
FNDA:0,(anonymous_795)
FNDA:0,(anonymous_796)
FNDA:0,(anonymous_797)
FNDA:0,(anonymous_798)
FNDA:0,(anonymous_799)
FNDA:0,(anonymous_800)
FNDA:0,(anonymous_801)
FNDA:0,(anonymous_802)
FNDA:0,(anonymous_803)
FNDA:0,(anonymous_804)
FNDA:0,(anonymous_805)
FNDA:0,(anonymous_806)
FNDA:0,(anonymous_807)
FNDA:0,(anonymous_808)
FNDA:0,(anonymous_809)
FNDA:0,(anonymous_810)
FNDA:0,(anonymous_811)
FNDA:0,(anonymous_812)
FNDA:0,(anonymous_813)
FNDA:0,(anonymous_814)
FNDA:0,(anonymous_815)
FNDA:0,(anonymous_816)
FNDA:0,(anonymous_817)
FNDA:0,(anonymous_818)
FNDA:0,(anonymous_819)
FNDA:0,(anonymous_820)
FNDA:0,(anonymous_821)
FNDA:0,(anonymous_822)
FNDA:0,(anonymous_823)
FNDA:0,(anonymous_824)
FNDA:0,SVGManager
FNDA:0,detectActiveX
FNDA:0,(anonymous_827)
FNDA:0,(anonymous_828)
FNDA:0,(anonymous_829)
FNDA:0,(anonymous_830)
FNDA:0,(anonymous_831)
FNDA:0,(anonymous_832)
FNDA:0,SVGWrapper
FNDA:0,(anonymous_834)
FNDA:0,(anonymous_835)
FNDA:0,(anonymous_836)
FNDA:0,(anonymous_837)
FNDA:0,(anonymous_838)
FNDA:0,(anonymous_839)
FNDA:0,(anonymous_840)
FNDA:0,(anonymous_841)
FNDA:0,(anonymous_842)
FNDA:0,(anonymous_843)
FNDA:0,(anonymous_844)
FNDA:0,(anonymous_845)
FNDA:0,(anonymous_846)
FNDA:0,(anonymous_847)
FNDA:0,(anonymous_848)
FNDA:0,(anonymous_849)
FNDA:0,(anonymous_850)
FNDA:0,(anonymous_851)
FNDA:0,(anonymous_852)
FNDA:0,(anonymous_853)
FNDA:0,(anonymous_854)
FNDA:0,(anonymous_855)
FNDA:0,(anonymous_856)
FNDA:0,(anonymous_857)
FNDA:0,(anonymous_858)
FNDA:0,(anonymous_859)
FNDA:0,(anonymous_860)
FNDA:0,(anonymous_861)
FNDA:0,(anonymous_862)
FNDA:0,(anonymous_863)
FNDA:0,(anonymous_864)
FNDA:0,(anonymous_865)
FNDA:0,(anonymous_866)
FNDA:0,(anonymous_867)
FNDA:0,(anonymous_868)
FNDA:0,(anonymous_869)
FNDA:0,(anonymous_870)
FNDA:0,(anonymous_871)
FNDA:0,(anonymous_872)
FNDA:0,(anonymous_873)
FNDA:0,(anonymous_874)
FNDA:0,(anonymous_875)
FNDA:0,(anonymous_876)
FNDA:0,(anonymous_877)
FNDA:0,(anonymous_878)
FNDA:0,(anonymous_879)
FNDA:0,(anonymous_880)
FNDA:0,(anonymous_881)
FNDA:0,(anonymous_882)
FNDA:0,(anonymous_883)
FNDA:0,(anonymous_884)
FNDA:0,(anonymous_885)
FNDA:0,(anonymous_886)
FNDA:0,(anonymous_887)
FNDA:0,(anonymous_888)
FNDA:0,SVGPath
FNDA:0,(anonymous_890)
FNDA:0,(anonymous_891)
FNDA:0,(anonymous_892)
FNDA:0,(anonymous_893)
FNDA:0,(anonymous_894)
FNDA:0,(anonymous_895)
FNDA:0,(anonymous_896)
FNDA:0,(anonymous_897)
FNDA:0,(anonymous_898)
FNDA:0,(anonymous_899)
FNDA:0,(anonymous_900)
FNDA:0,(anonymous_901)
FNDA:0,(anonymous_902)
FNDA:0,SVGText
FNDA:0,(anonymous_904)
FNDA:0,(anonymous_905)
FNDA:0,(anonymous_906)
FNDA:0,(anonymous_907)
FNDA:0,(anonymous_908)
FNDA:0,(anonymous_909)
FNDA:0,(anonymous_910)
FNDA:0,isArray
FNDA:0,(anonymous_912)
FNDA:0,(anonymous_913)
FNDA:0,(anonymous_914)
FNDA:0,(anonymous_915)
FNDA:0,(anonymous_916)
FNDA:0,(anonymous_917)
FNDA:0,(anonymous_918)
FNDA:0,(anonymous_919)
FNDA:0,(anonymous_920)
FNDA:0,(anonymous_921)
FNDA:0,(anonymous_922)
FNDA:0,(anonymous_923)
FNDA:0,(anonymous_924)
FNDA:0,(anonymous_925)
FNDA:0,(anonymous_926)
FNDA:0,(anonymous_927)
FNDA:0,(anonymous_928)
FNDA:0,(anonymous_929)
FNDA:0,(anonymous_930)
FNDA:0,(anonymous_931)
FNDA:0,(anonymous_932)
FNDA:0,(anonymous_933)
FNDA:0,(anonymous_934)
FNDA:0,anySVG
FNDA:0,(anonymous_936)
FNDA:0,(anonymous_937)
FNDA:0,(anonymous_938)
FNDA:0,(anonymous_939)
FNDA:0,(anonymous_940)
FNDA:0,(anonymous_941)
FNDA:0,(anonymous_942)
FNDA:0,(anonymous_943)
FNDA:0,(anonymous_944)
FNDA:0,(anonymous_945)
FNDA:0,(anonymous_946)
FNDA:0,(anonymous_947)
FNDA:0,(anonymous_948)
FNDA:0,(anonymous_949)
FNDA:0,(anonymous_950)
FNDA:0,(anonymous_951)
FNDA:0,isSVGElem
FNDA:1,(anonymous_957)
FNDA:4,(anonymous_958)
FNDA:0,(anonymous_959)
FNDA:4,(anonymous_960)
FNDA:0,(anonymous_961)
FNDA:0,(anonymous_962)
FNDA:0,(anonymous_963)
FNDA:0,(anonymous_964)
FNDA:2,(anonymous_965)
FNDA:2,(anonymous_966)
FNDA:0,(anonymous_967)
FNDA:0,(anonymous_968)
FNDA:0,(anonymous_969)
FNDA:0,(anonymous_970)
FNDA:0,(anonymous_971)
FNDA:0,(anonymous_972)
FNDA:0,(anonymous_973)
FNDA:30,(anonymous_974)
FNDA:1,(anonymous_975)
FNDA:0,(anonymous_976)
FNDA:2,(anonymous_977)
FNDA:2,(anonymous_978)
FNDA:21,(anonymous_979)
FNDA:0,(anonymous_980)
FNDA:7,(anonymous_981)
FNDA:0,(anonymous_982)
FNDA:34,(anonymous_983)
FNDA:11,(anonymous_984)
FNDA:0,(anonymous_985)
FNDA:0,(anonymous_986)
FNDA:0,(anonymous_987)
FNDA:0,(anonymous_988)
FNDA:0,(anonymous_989)
FNDA:0,(anonymous_990)
FNDA:0,(anonymous_991)
FNDA:0,(anonymous_992)
FNDA:0,(anonymous_993)
FNDA:19,(anonymous_994)
FNDA:0,(anonymous_995)
FNDA:0,(anonymous_996)
FNDA:0,(anonymous_997)
FNDA:0,(anonymous_998)
FNDA:0,(anonymous_999)
FNDA:0,(anonymous_1000)
FNDA:0,(anonymous_1001)
FNDA:0,(anonymous_1002)
FNDA:0,(anonymous_1003)
FNDA:0,(anonymous_1004)
FNDA:2,(anonymous_1005)
FNDA:1,(anonymous_1006)
FNDA:0,(anonymous_1007)
FNDA:0,jQuerySub
FNDA:0,init
FNDA:8,(anonymous_1010)
FNDA:1,(anonymous_1011)
FNDA:0,(anonymous_1012)
FNDA:0,doScrollCheck
FNDA:1,createFlags
FNDA:1,(anonymous_1015)
FNDA:2,(anonymous_1016)
FNDA:1,(anonymous_1017)
FNDA:2,(anonymous_1018)
FNDA:0,(anonymous_1019)
FNDA:0,(anonymous_1020)
FNDA:0,(anonymous_1021)
FNDA:0,(anonymous_1022)
FNDA:0,(anonymous_1023)
FNDA:0,(anonymous_1024)
FNDA:0,(anonymous_1025)
FNDA:1,(anonymous_1026)
FNDA:0,(anonymous_1027)
FNDA:0,(anonymous_1028)
FNDA:0,(anonymous_1029)
FNDA:0,(anonymous_1030)
FNDA:0,(anonymous_1031)
FNDA:0,(anonymous_1032)
FNDA:0,(anonymous_1033)
FNDA:0,(anonymous_1034)
FNDA:0,(anonymous_1035)
FNDA:0,(anonymous_1036)
FNDA:0,(anonymous_1037)
FNDA:0,(anonymous_1038)
FNDA:0,(anonymous_1039)
FNDA:0,(anonymous_1040)
FNDA:0,resolveFunc
FNDA:0,(anonymous_1042)
FNDA:0,progressFunc
FNDA:0,(anonymous_1044)
FNDA:1,(anonymous_1045)
FNDA:0,(anonymous_1046)
FNDA:1,(anonymous_1047)
FNDA:1,(anonymous_1048)
FNDA:1,(anonymous_1049)
FNDA:0,(anonymous_1050)
FNDA:1,(anonymous_1051)
FNDA:2,(anonymous_1052)
FNDA:0,(anonymous_1053)
FNDA:0,(anonymous_1054)
FNDA:0,(anonymous_1055)
DA:1,0
DA:3,0
DA:7,0
DA:8,0
DA:9,0
DA:10,0
DA:11,0
DA:12,0
DA:13,0
DA:14,0
DA:15,0
DA:16,0
DA:17,0
DA:18,0
DA:20,0
DA:21,0
DA:22,0
DA:23,0
DA:24,0
DA:25,0
DA:26,0
DA:27,0
DA:28,0
DA:29,0
DA:30,0
DA:32,0
DA:33,0
DA:34,0
DA:35,0
DA:36,0
DA:37,0
DA:38,0
DA:39,0
DA:40,0
DA:41,0
DA:43,0
DA:44,0
DA:49,0
DA:51,0
DA:52,0
DA:53,0
DA:55,0
DA:56,0
DA:59,0
DA:61,0
DA:62,0
DA:63,0
DA:65,0
DA:67,0
DA:68,0
DA:71,0
DA:73,0
DA:74,0
DA:76,0
DA:77,0
DA:78,0
DA:79,0
DA:80,0
DA:81,0
DA:83,0
DA:84,0
DA:85,0
DA:87,0
DA:90,0
DA:92,0
DA:93,0
DA:94,0
DA:95,0
DA:96,0
DA:102,0
DA:103,0
DA:104,0
DA:105,0
DA:107,0
DA:108,0
DA:109,0
DA:110,0
DA:114,0
DA:115,0
DA:119,0
DA:122,0
DA:123,0
DA:124,0
DA:125,0
DA:126,0
DA:127,0
DA:128,0
DA:129,0
DA:133,0
DA:134,0
DA:139,0
DA:140,0
DA:141,0
DA:143,0
DA:144,0
DA:149,0
DA:151,0
DA:152,0
DA:153,0
DA:156,0
DA:157,0
DA:158,0
DA:159,0
DA:161,0
DA:165,0
DA:167,0
DA:168,0
DA:169,0
DA:170,0
DA:172,0
DA:173,0
DA:193,0
DA:194,0
DA:206,0
DA:207,0
DA:208,0
DA:209,0
DA:210,0
DA:212,0
DA:213,0
DA:214,0
DA:215,0
DA:218,0
DA:219,0
DA:220,0
DA:223,0
DA:224,0
DA:226,0
DA:229,0
DA:230,0
DA:232,0
DA:235,0
DA:236,0
DA:237,0
DA:240,0
DA:241,0
DA:242,0
DA:243,0
DA:247,0
DA:248,0
DA:249,0
DA:250,0
DA:254,0
DA:255,0
DA:256,0
DA:257,0
DA:259,0
DA:260,0
DA:261,0
DA:262,0
DA:265,0
DA:266,0
DA:267,0
DA:268,0
DA:269,0
DA:271,0
DA:273,0
DA:276,0
DA:279,0
DA:280,0
DA:281,0
DA:282,0
DA:283,0
DA:284,0
DA:285,0
DA:287,0
DA:289,0
DA:291,0
DA:293,0
DA:296,0
DA:299,0
DA:301,0
DA:302,0
DA:303,0
DA:304,0
DA:305,0
DA:306,0
DA:308,0
DA:310,0
DA:311,0
DA:312,0
DA:313,0
DA:317,0
DA:318,0
DA:319,0
DA:320,0
DA:321,0
DA:323,0
DA:324,0
DA:325,0
DA:329,0
DA:331,0
DA:332,0
DA:335,0
DA:336,0
DA:337,0
DA:338,0
DA:339,0
DA:341,0
DA:342,0
DA:343,0
DA:344,0
DA:345,0
DA:348,0
DA:349,0
DA:350,0
DA:351,0
DA:353,0
DA:354,0
DA:355,0
DA:356,0
DA:357,0
DA:358,0
DA:359,0
DA:365,0
DA:366,0
DA:385,0
DA:386,0
DA:407,0
DA:408,0
DA:409,0
DA:416,0
DA:417,0
DA:422,0
DA:429,0
DA:430,0
DA:431,0
DA:437,0
DA:438,0
DA:440,0
DA:441,0
DA:446,0
DA:447,0
DA:449,0
DA:459,0
DA:460,0
DA:461,0
DA:462,0
DA:463,0
DA:464,0
DA:465,0
DA:466,0
DA:467,0
DA:468,0
DA:471,0
DA:472,0
DA:473,0
DA:474,0
DA:475,0
DA:476,0
DA:477,0
DA:478,0
DA:479,0
DA:480,0
DA:481,0
DA:483,0
DA:486,0
DA:487,0
DA:488,0
DA:489,0
DA:490,0
DA:491,0
DA:494,0
DA:495,0
DA:496,0
DA:497,0
DA:498,0
DA:499,0
DA:502,0
DA:503,0
DA:504,0
DA:508,0
DA:511,0
DA:512,0
DA:513,0
DA:515,0
DA:516,0
DA:517,0
DA:518,0
DA:526,0
DA:527,0
DA:528,0
DA:532,0
DA:533,0
DA:534,0
DA:537,0
DA:538,0
DA:539,0
DA:540,0
DA:545,0
DA:550,0
DA:551,0
DA:552,0
DA:553,0
DA:554,0
DA:555,0
DA:557,0
DA:558,0
DA:559,0
DA:563,0
DA:567,0
DA:568,0
DA:570,0
DA:571,0
DA:572,0
DA:573,0
DA:574,0
DA:575,0
DA:576,0
DA:579,0
DA:580,0
DA:581,0
DA:582,0
DA:583,0
DA:584,0
DA:585,0
DA:586,0
DA:592,0
DA:593,0
DA:594,0
DA:595,0
DA:598,0
DA:599,0
DA:600,0
DA:601,0
DA:602,0
DA:603,0
DA:604,0
DA:605,0
DA:606,0
DA:607,0
DA:609,0
DA:610,0
DA:611,0
DA:613,0
DA:614,0
DA:615,0
DA:616,0
DA:617,0
DA:620,0
DA:621,0
DA:628,0
DA:629,0
DA:630,0
DA:631,0
DA:632,0
DA:633,0
DA:634,0
DA:635,0
DA:636,0
DA:638,0
DA:641,0
DA:642,0
DA:643,0
DA:644,0
DA:645,0
DA:649,0
DA:650,0
DA:651,0
DA:652,0
DA:653,0
DA:655,0
DA:656,0
DA:657,0
DA:659,0
DA:662,0
DA:663,0
DA:664,0
DA:665,0
DA:666,0
DA:667,0
DA:668,0
DA:669,0
DA:670,0
DA:671,0
DA:672,0
DA:673,0
DA:674,0
DA:675,0
DA:676,0
DA:678,0
DA:681,0
DA:682,0
DA:683,0
DA:684,0
DA:685,0
DA:686,0
DA:687,0
DA:689,0
DA:690,0
DA:693,0
DA:700,0
DA:701,0
DA:702,0
DA:703,0
DA:704,0
DA:705,0
DA:706,0
DA:715,0
DA:716,0
DA:720,0
DA:722,0
DA:724,0
DA:726,0
DA:731,0
DA:733,0
DA:735,0
DA:737,0
DA:741,0
DA:742,0
DA:746,0
DA:757,0
DA:758,0
DA:760,0
DA:761,0
DA:762,0
DA:763,0
DA:773,0
DA:774,0
DA:775,0
DA:776,0
DA:777,0
DA:778,0
DA:780,0
DA:781,0
DA:782,0
DA:785,0
DA:786,0
DA:787,0
DA:788,0
DA:789,0
DA:790,0
DA:792,0
DA:793,0
DA:794,0
DA:796,0
DA:799,0
DA:801,0
DA:804,0
DA:805,0
DA:806,0
DA:807,0
DA:810,0
DA:811,0
DA:812,0
DA:813,0
DA:816,0
DA:819,0
DA:822,0
DA:823,0
DA:824,0
DA:825,0
DA:826,0
DA:827,0
DA:828,0
DA:831,0
DA:837,0
DA:838,0
DA:839,0
DA:844,0
DA:846,0
DA:847,0
DA:848,0
DA:850,0
DA:851,0
DA:852,0
DA:853,0
DA:861,0
DA:862,0
DA:863,0
DA:865,0
DA:866,0
DA:867,0
DA:868,0
DA:869,0
DA:870,0
DA:871,0
DA:872,0
DA:876,0
DA:877,0
DA:878,0
DA:879,0
DA:880,0
DA:881,0
DA:883,0
DA:884,0
DA:886,0
DA:887,0
DA:888,0
DA:889,0
DA:891,0
DA:892,0
DA:893,0
DA:894,0
DA:896,0
DA:897,0
DA:898,0
DA:899,0
DA:900,0
DA:901,0
DA:903,0
DA:904,0
DA:905,0
DA:908,0
DA:909,0
DA:910,0
DA:911,0
DA:916,0
DA:923,0
DA:925,0
DA:926,0
DA:927,0
DA:931,0
DA:933,0
DA:934,0
DA:936,0
DA:937,0
DA:940,0
DA:943,0
DA:944,0
DA:945,0
DA:946,0
DA:947,0
DA:948,0
DA:949,0
DA:950,0
DA:951,0
DA:952,0
DA:953,0
DA:954,0
DA:956,0
DA:957,0
DA:958,0
DA:961,0
DA:962,0
DA:963,0
DA:965,0
DA:969,0
DA:970,0
DA:971,0
DA:972,0
DA:990,0
DA:991,0
DA:994,0
DA:995,0
DA:996,0
DA:998,0
DA:999,0
DA:1000,0
DA:1001,0
DA:1002,0
DA:1016,0
DA:1017,0
DA:1018,0
DA:1019,0
DA:1022,0
DA:1023,0
DA:1024,0
DA:1025,0
DA:1028,0
DA:1029,0
DA:1031,0
DA:1032,0
DA:1033,0
DA:1034,0
DA:1035,0
DA:1036,0
DA:1037,0
DA:1038,0
DA:1039,0
DA:1040,0
DA:1041,0
DA:1042,0
DA:1043,0
DA:1044,0
DA:1045,0
DA:1046,0
DA:1050,0
DA:1051,0
DA:1052,0
DA:1053,0
DA:1054,0
DA:1055,0
DA:1056,0
DA:1057,0
DA:1058,0
DA:1064,0
DA:1065,0
DA:1066,0
DA:1068,0
DA:1069,0
DA:1070,0
DA:1071,0
DA:1072,0
DA:1074,0
DA:1075,0
DA:1076,0
DA:1077,0
DA:1079,0
DA:1080,0
DA:1081,0
DA:1082,0
DA:1083,0
DA:1084,0
DA:1085,0
DA:1086,0
DA:1087,0
DA:1088,0
DA:1090,0
DA:1091,0
DA:1092,0
DA:1094,0
DA:1095,0
DA:1096,0
DA:1097,0
DA:1100,0
DA:1101,0
DA:1102,0
DA:1103,0
DA:1104,0
DA:1106,0
DA:1107,0
DA:1108,0
DA:1109,0
DA:1110,0
DA:1112,0
DA:1114,0
DA:1116,0
DA:1117,0
DA:1118,0
DA:1119,0
DA:1120,0
DA:1125,0
DA:1129,0
DA:1130,0
DA:1131,0
DA:1132,0
DA:1133,0
DA:1134,0
DA:1135,0
DA:1136,0
DA:1138,0
DA:1140,0
DA:1141,0
DA:1142,0
DA:1143,0
DA:1144,0
DA:1145,0
DA:1147,0
DA:1148,0
DA:1149,0
DA:1152,0
DA:1169,0
DA:1170,0
DA:1197,0
DA:1198,0
DA:1199,0
DA:1200,0
DA:1201,0
DA:1202,0
DA:1203,0
DA:1206,0
DA:1207,0
DA:1208,0
DA:1209,0
DA:1212,0
DA:1214,0
DA:1215,0
DA:1216,0
DA:1219,0
DA:1220,0
DA:1221,0
DA:1222,0
DA:1223,0
DA:1224,0
DA:1225,0
DA:1226,0
DA:1229,0
DA:1230,0
DA:1231,0
DA:1233,0
DA:1234,0
DA:1235,0
DA:1237,0
DA:1239,0
DA:1240,0
DA:1241,0
DA:1244,0
DA:1245,0
DA:1246,0
DA:1247,0
DA:1248,0
DA:1249,0
DA:1250,0
DA:1251,0
DA:1252,0
DA:1253,0
DA:1257,0
DA:1258,0
DA:1259,0
DA:1264,0
DA:1265,0
DA:1266,0
DA:1267,0
DA:1268,0
DA:1269,0
DA:1270,0
DA:1271,0
DA:1272,0
DA:1273,0
DA:1274,0
DA:1276,0
DA:1277,0
DA:1278,0
DA:1280,0
DA:1281,0
DA:1282,0
DA:1284,0
DA:1285,0
DA:1286,0
DA:1287,0
DA:1288,0
DA:1289,0
DA:1290,0
DA:1291,0
DA:1292,0
DA:1293,0
DA:1294,0
DA:1297,0
DA:1298,0
DA:1299,0
DA:1300,0
DA:1301,0
DA:1302,0
DA:1303,0
DA:1304,0
DA:1305,0
DA:1307,0
DA:1308,0
DA:1309,0
DA:1311,0
DA:1314,0
DA:1315,0
DA:1316,0
DA:1317,0
DA:1318,0
DA:1319,0
DA:1320,0
DA:1322,0
DA:1323,0
DA:1324,0
DA:1325,0
DA:1328,0
DA:1329,0
DA:1330,0
DA:1331,0
DA:1332,0
DA:1335,0
DA:1336,0
DA:1337,0
DA:1338,0
DA:1339,0
DA:1340,0
DA:1341,0
DA:1345,0
DA:1347,0
DA:1348,0
DA:1352,0
DA:1353,0
DA:1354,0
DA:1355,0
DA:1357,0
DA:1358,0
DA:1359,0
DA:1360,0
DA:1361,0
DA:1365,0
DA:1366,0
DA:1367,0
DA:1368,0
DA:1372,0
DA:1374,0
DA:1377,0
DA:1378,0
DA:1379,0
DA:1380,0
DA:1381,0
DA:1383,0
DA:1384,0
DA:1387,0
DA:1388,0
DA:1389,0
DA:1390,0
DA:1392,0
DA:1395,0
DA:1396,0
DA:1397,0
DA:1398,0
DA:1399,0
DA:1403,0
DA:1404,0
DA:1405,0
DA:1406,0
DA:1407,0
DA:1408,0
DA:1409,0
DA:1412,0
DA:1413,0
DA:1414,0
DA:1415,0
DA:1418,0
DA:1419,0
DA:1422,0
DA:1423,0
DA:1426,0
DA:1427,0
DA:1428,0
DA:1431,0
DA:1432,0
DA:1435,0
DA:1436,0
DA:1437,0
DA:1438,0
DA:1440,0
DA:1445,0
DA:1446,0
DA:1448,0
DA:1451,0
DA:1454,0
DA:1455,0
DA:1456,0
DA:1457,0
DA:1458,0
DA:1459,0
DA:1460,0
DA:1461,0
DA:1462,0
DA:1463,0
DA:1466,0
DA:1467,0
DA:1468,0
DA:1469,0
DA:1470,0
DA:1471,0
DA:1472,0
DA:1473,0
DA:1478,0
DA:1479,0
DA:1480,0
DA:1481,0
DA:1482,0
DA:1483,0
DA:1484,0
DA:1485,0
DA:1486,0
DA:1488,0
DA:1489,0
DA:1490,0
DA:1493,0
DA:1495,0
DA:1496,0
DA:1497,0
DA:1498,0
DA:1499,0
DA:1501,0
DA:1504,0
DA:1505,0
DA:1506,0
DA:1507,0
DA:1510,0
DA:1511,0
DA:1512,0
DA:1514,0
DA:1515,0
DA:1516,0
DA:1522,0
DA:1523,0
DA:1524,0
DA:1527,0
DA:1528,0
DA:1529,0
DA:1530,0
DA:1532,0
DA:1533,0
DA:1535,0
DA:1537,0
DA:1538,0
DA:1539,0
DA:1540,0
DA:1541,0
DA:1542,0
DA:1543,0
DA:1544,0
DA:1545,0
DA:1547,0
DA:1548,0
DA:1551,0
DA:1552,0
DA:1553,0
DA:1554,0
DA:1555,0
DA:1556,0
DA:1557,0
DA:1558,0
DA:1564,0
DA:1565,0
DA:1566,0
DA:1567,0
DA:1574,0
DA:1575,0
DA:1576,0
DA:1577,0
DA:1580,0
DA:1581,0
DA:1582,0
DA:1583,0
DA:1584,0
DA:1585,0
DA:1589,0
DA:1590,0
DA:1591,0
DA:1592,0
DA:1593,0
DA:1595,0
DA:1597,0
DA:1603,0
DA:1604,0
DA:1605,0
DA:1609,0
DA:1612,0
DA:1618,0
DA:1621,0
DA:1622,0
DA:1623,0
DA:1625,0
DA:1626,0
DA:1627,0
DA:1628,0
DA:1629,0
DA:1634,0
DA:1636,0
DA:1637,0
DA:1638,0
DA:1639,0
DA:1646,0
DA:1647,0
DA:1648,0
DA:1649,0
DA:1650,0
DA:1651,0
DA:1652,0
DA:1653,0
DA:1654,0
DA:1655,0
DA:1656,0
DA:1658,0
DA:1659,0
DA:1661,0
DA:1662,0
DA:1663,0
DA:1666,0
DA:1673,0
DA:1675,0
DA:1676,0
DA:1677,0
DA:1678,0
DA:1682,0
DA:1683,0
DA:1684,0
DA:1685,0
DA:1686,0
DA:1687,0
DA:1689,0
DA:1690,0
DA:1691,0
DA:1692,0
DA:1694,0
DA:1695,0
DA:1697,0
DA:1698,0
DA:1699,0
DA:1702,0
DA:1703,0
DA:1704,0
DA:1705,0
DA:1708,0
DA:1709,0
DA:1710,0
DA:1715,0
DA:1716,0
DA:1717,0
DA:1718,0
DA:1722,0
DA:1723,0
DA:1724,0
DA:1725,0
DA:1728,0
DA:1731,0
DA:1732,0
DA:1733,0
DA:1734,0
DA:1735,0
DA:1736,0
DA:1737,0
DA:1739,0
DA:1740,0
DA:1742,0
DA:1744,0
DA:1745,0
DA:1746,0
DA:1747,0
DA:1748,0
DA:1749,0
DA:1750,0
DA:1752,0
DA:1753,0
DA:1756,0
DA:1759,0
DA:1760,0
DA:1771,0
DA:1787,0
DA:1788,0
DA:1801,0
DA:1804,0
DA:1805,0
DA:1806,0
DA:1807,0
DA:1808,0
DA:1810,0
DA:1812,0
DA:1814,0
DA:1816,0
DA:1817,0
DA:1818,0
DA:1819,0
DA:1820,0
DA:1821,0
DA:1824,0
DA:1825,0
DA:1826,0
DA:1827,0
DA:1828,0
DA:1829,0
DA:1831,0
DA:1833,0
DA:1838,0
DA:1843,0
DA:1844,0
DA:1845,0
DA:1846,0
DA:1850,0
DA:1851,0
DA:1852,0
DA:1853,0
DA:1854,0
DA:1857,0
DA:1858,0
DA:1860,0
DA:1861,0
DA:1862,0
DA:1863,0
DA:1864,0
DA:1865,0
DA:1866,0
DA:1867,0
DA:1869,0
DA:1870,0
DA:1871,0
DA:1872,0
DA:1873,0
DA:1875,0
DA:1877,0
DA:1878,0
DA:1879,0
DA:1882,0
DA:1883,0
DA:1886,0
DA:1887,0
DA:1890,0
DA:1891,0
DA:1893,0
DA:1894,0
DA:1895,0
DA:1896,0
DA:1897,0
DA:1899,0
DA:1902,0
DA:1903,0
DA:1904,0
DA:1905,0
DA:1906,0
DA:1908,0
DA:1909,0
DA:1910,0
DA:1911,0
DA:1913,0
DA:1914,0
DA:1917,0
DA:1918,0
DA:1919,0
DA:1920,0
DA:1923,0
DA:1925,0
DA:1926,0
DA:1927,0
DA:1928,0
DA:1930,0
DA:1932,0
DA:1933,0
DA:1934,0
DA:1935,0
DA:1936,0
DA:1937,0
DA:1938,0
DA:1939,0
DA:1940,0
DA:1941,0
DA:1948,0
DA:1949,0
DA:1950,0
DA:1951,0
DA:1952,0
DA:1953,0
DA:1954,0
DA:1957,0
DA:1958,0
DA:1959,0
DA:1960,0
DA:1961,0
DA:1962,0
DA:1963,0
DA:1966,0
DA:1967,0
DA:1968,0
DA:1969,0
DA:1970,0
DA:1971,0
DA:1973,0
DA:1974,0
DA:1975,0
DA:1976,0
DA:1977,0
DA:1987,0
DA:1988,0
DA:1989,0
DA:1990,0
DA:1991,0
DA:1992,0
DA:1993,0
DA:1994,0
DA:1995,0
DA:1997,0
DA:1999,0
DA:2000,0
DA:2001,0
DA:2003,0
DA:2005,0
DA:2009,0
DA:2011,0
DA:2012,0
DA:2013,0
DA:2014,0
DA:2015,0
DA:2016,0
DA:2020,0
DA:2024,0
DA:2025,0
DA:2026,0
DA:2027,0
DA:2028,0
DA:2029,0
DA:2030,0
DA:2031,0
DA:2032,0
DA:2033,0
DA:2035,0
DA:2036,0
DA:2038,0
DA:2039,0
DA:2041,0
DA:2042,0
DA:2043,0
DA:2046,0
DA:2049,0
DA:2051,0
DA:2071,0
DA:2072,0
DA:2073,0
DA:2082,0
DA:2083,0
DA:2088,0
DA:2089,0
DA:2091,0
DA:2092,0
DA:2094,0
DA:2095,0
DA:2097,0
DA:2098,0
DA:2100,0
DA:2101,0
DA:2102,0
DA:2104,0
DA:2105,0
DA:2106,0
DA:2109,0
DA:2110,0
DA:2111,0
DA:2114,0
DA:2115,0
DA:2116,0
DA:2118,0
DA:2119,0
DA:2120,0
DA:2122,0
DA:2123,0
DA:2124,0
DA:2126,0
DA:2127,0
DA:2130,0
DA:2134,0
DA:2135,0
DA:2136,0
DA:2139,0
DA:2140,0
DA:2141,0
DA:2144,0
DA:2145,0
DA:2146,0
DA:2147,0
DA:2148,0
DA:2152,0
DA:2153,0
DA:2154,0
DA:2156,0
DA:2157,0
DA:2158,0
DA:2159,0
DA:2160,0
DA:2163,0
DA:2164,0
DA:2168,0
DA:2169,0
DA:2172,0
DA:2173,0
DA:2174,0
DA:2175,0
DA:2176,0
DA:2177,0
DA:2178,0
DA:2181,0
DA:2182,0
DA:2183,0
DA:2184,0
DA:2186,0
DA:2189,0
DA:2191,0
DA:2192,0
DA:2193,0
DA:2195,0
DA:2196,0
DA:2197,0
DA:2198,0
DA:2201,0
DA:2202,0
DA:2203,0
DA:2204,0
DA:2205,0
DA:2207,0
DA:2208,0
DA:2209,0
DA:2210,0
DA:2211,0
DA:2213,0
DA:2215,0
DA:2219,0
DA:2222,0
DA:2223,0
DA:2224,0
DA:2225,0
DA:2226,0
DA:2228,0
DA:2229,0
DA:2230,0
DA:2232,0
DA:2233,0
DA:2234,0
DA:2235,0
DA:2236,0
DA:2237,0
DA:2238,0
DA:2240,0
DA:2241,0
DA:2242,0
DA:2243,0
DA:2244,0
DA:2247,0
DA:2249,0
DA:2250,0
DA:2251,0
DA:2252,0
DA:2258,0
DA:2259,0
DA:2260,0
DA:2261,0
DA:2262,0
DA:2263,0
DA:2264,0
DA:2265,0
DA:2267,0
DA:2268,0
DA:2270,0
DA:2271,0
DA:2272,0
DA:2275,0
DA:2277,0
DA:2278,0
DA:2279,0
DA:2280,0
DA:2282,0
DA:2285,0
DA:2287,0
DA:2290,0
DA:2291,0
DA:2292,0
DA:2297,0
DA:2298,0
DA:2300,0
DA:2301,0
DA:2305,0
DA:2306,0
DA:2307,0
DA:2310,0
DA:2312,0
DA:2313,0
DA:2315,0
DA:2317,0
DA:2320,0
DA:2321,0
DA:2322,0
DA:2323,0
DA:2325,0
DA:2326,0
DA:2328,0
DA:2329,0
DA:2330,0
DA:2331,0
DA:2334,0
DA:2336,0
DA:2338,0
DA:2340,0
DA:2342,0
DA:2343,0
DA:2344,0
DA:2345,0
DA:2348,0
DA:2349,0
DA:2350,0
DA:2351,0
DA:2352,0
DA:2354,0
DA:2355,0
DA:2356,0
DA:2359,0
DA:2360,0
DA:2361,0
DA:2362,0
DA:2363,0
DA:2365,0
DA:2366,0
DA:2367,0
DA:2370,0
DA:2372,0
DA:2390,0
DA:2391,0
DA:2392,0
DA:2393,0
DA:2394,0
DA:2396,0
DA:2397,0
DA:2398,0
DA:2399,0
DA:2401,0
DA:2403,0
DA:2406,0
DA:2407,0
DA:2408,0
DA:2409,0
DA:2410,0
DA:2411,0
DA:2412,0
DA:2413,0
DA:2414,0
DA:2415,0
DA:2416,0
DA:2417,0
DA:2418,0
DA:2421,0
DA:2423,0
DA:2424,0
DA:2425,0
DA:2428,0
DA:2429,0
DA:2431,0
DA:2433,0
DA:2434,0
DA:2435,0
DA:2437,0
DA:2438,0
DA:2439,0
DA:2441,0
DA:2442,0
DA:2445,0
DA:2448,0
DA:2449,0
DA:2450,0
DA:2451,0
DA:2452,0
DA:2453,0
DA:2454,0
DA:2455,0
DA:2456,0
DA:2457,0
DA:2458,0
DA:2461,0
DA:2462,0
DA:2463,0
DA:2464,0
DA:2465,0
DA:2466,0
DA:2469,0
DA:2470,0
DA:2472,0
DA:2473,0
DA:2474,0
DA:2476,0
DA:2478,0
DA:2479,0
DA:2482,0
DA:2483,0
DA:2486,0
DA:2487,0
DA:2489,0
DA:2490,0
DA:2491,0
DA:2492,0
DA:2493,0
DA:2494,0
DA:2496,0
DA:2497,0
DA:2498,0
DA:2499,0
DA:2502,0
DA:2505,0
DA:2506,0
DA:2507,0
DA:2508,0
DA:2511,0
DA:2512,0
DA:2515,0
DA:2516,0
DA:2517,0
DA:2518,0
DA:2520,0
DA:2523,0
DA:2524,0
DA:2525,0
DA:2526,0
DA:2527,0
DA:2528,0
DA:2529,0
DA:2530,0
DA:2531,0
DA:2532,0
DA:2534,0
DA:2536,0
DA:2537,0
DA:2541,0
DA:2543,0
DA:2545,0
DA:2547,0
DA:2548,0
DA:2550,0
DA:2552,0
DA:2553,0
DA:2556,0
DA:2557,0
DA:2558,0
DA:2560,0
DA:2583,0
DA:2584,0
DA:2592,0
DA:2603,0
DA:2620,0
DA:2621,0
DA:2631,0
DA:2632,0
DA:2633,0
DA:2634,0
DA:2635,0
DA:2637,0
DA:2638,0
DA:2639,0
DA:2642,0
DA:2645,0
DA:2648,0
DA:2649,0
DA:2650,0
DA:2652,0
DA:2653,0
DA:2654,0
DA:2655,0
DA:2659,0
DA:2662,0
DA:2663,0
DA:2664,0
DA:2665,0
DA:2666,0
DA:2668,0
DA:2670,0
DA:2672,0
DA:2674,0
DA:2675,0
DA:2677,0
DA:2678,0
DA:2680,0
DA:2681,0
[...]
BRDA:1996,267,1,0
BRDA:2019,268,0,0
BRDA:2019,268,1,0
BRDA:2020,269,0,0
BRDA:2020,269,1,0
BRDA:2097,270,0,0
BRDA:2097,270,1,0
BRDA:2097,271,0,0
BRDA:2097,271,1,0
BRDA:2108,272,0,0
BRDA:2108,272,1,0
BRDA:2120,273,0,0
BRDA:2120,273,1,0
BRDA:2137,274,0,0
BRDA:2137,274,1,0
BRDA:2143,275,0,0
BRDA:2143,275,1,0
BRDA:2202,276,0,0
BRDA:2202,276,1,0
BRDA:2202,277,0,0
BRDA:2202,277,1,0
BRDA:2230,278,0,0
BRDA:2230,278,1,0
BRDA:2246,279,0,0
BRDA:2246,279,1,0
BRDA:2252,280,0,0
BRDA:2252,280,1,0
BRDA:2252,280,2,0
BRDA:2252,280,3,0
BRDA:2252,280,4,0
BRDA:2264,281,0,0
BRDA:2264,281,1,0
BRDA:2265,282,0,0
BRDA:2265,282,1,0
BRDA:2269,283,0,0
BRDA:2269,283,1,0
BRDA:2269,283,2,0
BRDA:2269,283,3,0
BRDA:2269,283,4,0
BRDA:2276,284,0,0
BRDA:2276,284,1,0
BRDA:2278,285,0,0
BRDA:2278,285,1,0
BRDA:2278,285,2,0
BRF:617
BRH:0
end_of_record
TN:
SF:A:\Development\UQO\UQO-2019-INF1583\annotator\src\app\components\annotation\annotation.component.ts
FN:30,(anonymous_15)
FN:46,AnnotationComponent
FN:53,(anonymous_17)
FN:58,(anonymous_18)
FN:67,(anonymous_19)
FN:75,(anonymous_20)
FN:76,(anonymous_23)
FN:84,(anonymous_24)
FN:98,(anonymous_25)
FN:123,(anonymous_26)
FN:135,(anonymous_27)
FNF:11
FNH:1
FNDA:1,(anonymous_15)
FNDA:0,AnnotationComponent
FNDA:0,(anonymous_17)
FNDA:0,(anonymous_18)
FNDA:0,(anonymous_19)
FNDA:0,(anonymous_20)
FNDA:0,(anonymous_23)
FNDA:0,(anonymous_24)
FNDA:0,(anonymous_25)
FNDA:0,(anonymous_26)
FNDA:0,(anonymous_27)
DA:3,1
DA:4,1
DA:5,1
DA:6,1
DA:7,1
DA:8,1
DA:9,1
DA:10,1
DA:12,1
DA:13,1
DA:14,1
DA:15,1
DA:20,1
DA:30,1
DA:41,0
DA:43,0
DA:47,0
DA:48,0
DA:49,0
DA:50,0
DA:53,1
DA:54,0
DA:55,0
DA:58,1
DA:59,0
DA:60,0
DA:67,1
DA:68,0
DA:75,1
DA:76,0
DA:77,0
DA:78,0
DA:79,0
DA:82,0
DA:84,0
DA:86,0
DA:94,0
DA:98,0
DA:99,0
DA:101,0
DA:102,0
DA:106,0
DA:110,0
DA:117,0
DA:118,0
DA:120,0
DA:123,1
DA:124,0
DA:130,0
DA:132,0
DA:135,1
DA:136,0
DA:137,0
DA:138,0
DA:139,0
DA:141,0
DA:142,0
DA:143,0
DA:144,0
DA:145,0
DA:146,0
DA:147,0
DA:148,0
DA:149,0
DA:151,1
LF:65
LH:21
BRDA:68,0,0,0
BRDA:68,0,1,0
BRDA:101,1,0,0
BRDA:101,1,1,0
BRDA:138,2,0,0
BRDA:138,2,1,0
BRF:6
BRH:0
end_of_record
TN:
SF:A:\Development\UQO\UQO-2019-INF1583\annotator\src\app\components\home-welcome\home-welcome.component.ts
FN:8,(anonymous_1)
FNF:1
FNH:1
FNDA:3,(anonymous_1)
DA:1,1
DA:8,1
LF:2
LH:2
BRF:0
BRH:0
end_of_record
TN:
SF:A:\Development\UQO\UQO-2019-INF1583\annotator\src\app\components\profile\profile.component.ts
FN:16,(anonymous_3)
FN:28,ProfileComponent
FN:30,(anonymous_5)
FN:36,(anonymous_6)
FN:37,(anonymous_7)
FNF:5
FNH:1
FNDA:1,(anonymous_3)
FNDA:0,ProfileComponent
FNDA:0,(anonymous_5)
FNDA:0,(anonymous_6)
FNDA:0,(anonymous_7)
DA:1,1
DA:2,1
DA:3,1
DA:4,1
DA:16,1
DA:17,0
DA:27,0
DA:28,0
DA:30,1
DA:31,0
DA:32,0
DA:37,0
DA:38,0
DA:39,0
DA:40,0
DA:42,0
DA:43,0
DA:44,0
DA:45,0
DA:46,0
DA:47,0
DA:48,0
DA:49,0
DA:50,0
DA:55,1
LF:25
LH:7
BRDA:42,0,0,0
BRDA:42,0,1,0
BRDA:45,1,0,0
BRDA:45,1,1,0
BRDA:48,2,0,0
BRDA:48,2,1,0
BRF:6
BRH:0
end_of_record
TN:
SF:A:\Development\UQO\UQO-2019-INF1583\annotator\src\app\components\project\project.component.mock.ts
FN:120,(anonymous_0)
FN:128,(anonymous_1)
FN:129,(anonymous_2)
FN:136,(anonymous_3)
FN:137,(anonymous_4)
FN:144,(anonymous_5)
FN:145,(anonymous_7)
FN:147,(anonymous_8)
FNF:8
FNH:1
FNDA:0,(anonymous_0)
FNDA:0,(anonymous_1)
FNDA:0,(anonymous_2)
FNDA:0,(anonymous_3)
FNDA:0,(anonymous_4)
FNDA:1,(anonymous_5)
FNDA:0,(anonymous_7)
FNDA:0,(anonymous_8)
DA:2,1
DA:12,1
DA:15,1
DA:36,1
DA:45,1
DA:83,1
DA:93,1
DA:102,1
DA:119,1
DA:121,0
DA:125,1
DA:127,1
DA:129,0
DA:130,0
DA:135,1
DA:137,0
DA:138,0
DA:144,1
DA:145,1
DA:146,0
DA:147,0
DA:150,1
DA:152,1
LF:23
LH:16
BRF:0
BRH:0
end_of_record
TN:
SF:A:\Development\UQO\UQO-2019-INF1583\annotator\src\app\components\project\add-attribute\add-attribute.component.ts
FN:10,(anonymous_4)
FN:11,AddAttributeComponent
FN:16,(anonymous_6)
FNF:3
FNH:1
FNDA:1,(anonymous_4)
FNDA:0,AddAttributeComponent
FNDA:0,(anonymous_6)
DA:1,1
DA:2,1
DA:3,1
DA:10,1
DA:12,0
DA:13,0
DA:16,1
DA:17,1
LF:8
LH:6
BRF:0
BRH:0
end_of_record
TN:
SF:A:\Development\UQO\UQO-2019-INF1583\annotator\src\app\components\project\add-event\add-event.component.ts
FN:11,(anonymous_4)
FN:14,AddEventComponent
FN:19,(anonymous_6)
FNF:3
FNH:1
FNDA:1,(anonymous_4)
FNDA:0,AddEventComponent
FNDA:0,(anonymous_6)
DA:1,1
DA:2,1
DA:3,1
DA:4,1
DA:11,1
DA:15,0
DA:16,0
DA:19,1
DA:20,0
DA:22,1
LF:10
LH:7
BRF:0
BRH:0
end_of_record
TN:
SF:A:\Development\UQO\UQO-2019-INF1583\annotator\src\app\components\project\add-relation\add-relation.component.ts
FN:11,(anonymous_4)
FN:14,AddRelationComponent
FN:19,(anonymous_6)
FNF:3
FNH:1
FNDA:1,(anonymous_4)
FNDA:0,AddRelationComponent
FNDA:0,(anonymous_6)
DA:1,1
DA:2,1
DA:3,1
DA:4,1
DA:11,1
DA:15,0
DA:16,0
DA:19,1
DA:20,0
DA:22,1
LF:10
LH:7
BRF:0
BRH:0
end_of_record
TN:
SF:A:\Development\UQO\UQO-2019-INF1583\annotator\src\app\components\project\entity-type\entity-type.component.ts
FN:20,(anonymous_2)
FN:43,EntityTypeComponent
FN:49,(anonymous_4)
FN:51,(anonymous_5)
FN:56,(anonymous_6)
FN:71,(anonymous_7)
FN:79,(anonymous_8)
FN:80,(anonymous_9)
FN:105,(anonymous_10)
FN:106,(anonymous_11)
FN:116,(anonymous_12)
FN:126,(anonymous_13)
FN:130,(anonymous_14)
FN:144,(anonymous_15)
FN:149,(anonymous_16)
FN:153,(anonymous_17)
FN:157,(anonymous_18)
FN:169,(anonymous_19)
FN:187,(anonymous_20)
FNF:19
FNH:8
FNDA:1,(anonymous_2)
FNDA:6,EntityTypeComponent
FNDA:0,(anonymous_4)
FNDA:0,(anonymous_5)
FNDA:0,(anonymous_6)
FNDA:6,(anonymous_7)
FNDA:1,(anonymous_8)
FNDA:1,(anonymous_9)
FNDA:0,(anonymous_10)
FNDA:0,(anonymous_11)
FNDA:1,(anonymous_12)
FNDA:0,(anonymous_13)
FNDA:0,(anonymous_14)
FNDA:1,(anonymous_15)
FNDA:1,(anonymous_16)
FNDA:0,(anonymous_17)
FNDA:0,(anonymous_18)
FNDA:0,(anonymous_19)
FNDA:0,(anonymous_20)
DA:4,1
DA:5,1
DA:6,1
DA:8,1
DA:9,1
DA:10,1
DA:20,1
DA:25,6
DA:33,6
DA:34,6
DA:35,6
DA:41,6
DA:44,6
DA:45,6
DA:46,6
DA:49,1
DA:50,0
DA:51,0
DA:52,0
DA:53,0
DA:57,0
DA:59,0
DA:60,0
DA:61,0
DA:71,1
DA:72,6
DA:79,1
DA:80,1
DA:82,1
DA:85,1
DA:88,1
DA:96,1
DA:105,1
DA:106,0
DA:107,0
DA:108,0
DA:109,0
DA:112,0
DA:116,1
DA:117,1
DA:121,1
DA:123,1
DA:126,1
DA:127,0
DA:131,0
DA:132,0
DA:133,0
DA:134,0
DA:144,1
DA:145,1
DA:146,1
DA:149,1
DA:150,1
DA:153,1
DA:154,0
DA:157,1
DA:158,0
DA:159,0
DA:160,0
DA:162,0
DA:165,0
DA:169,1
DA:171,0
DA:172,0
DA:173,0
DA:174,0
DA:175,0
DA:176,0
DA:182,0
DA:183,0
DA:184,0
DA:187,1
DA:189,0
DA:190,0
DA:191,0
DA:192,0
DA:193,0
DA:194,0
DA:195,0
DA:196,0
DA:197,0
DA:198,0
DA:199,0
DA:200,0
DA:204,0
DA:205,0
DA:206,0
DA:207,0
DA:208,0
DA:209,0
DA:213,0
DA:214,0
DA:215,0
DA:216,0
DA:217,0
DA:218,0
DA:219,0
DA:220,0
DA:221,0
DA:222,0
DA:225,0
DA:226,0
DA:231,0
DA:232,0
DA:233,0
DA:234,0
DA:235,0
DA:236,0
DA:237,0
DA:238,0
DA:241,0
DA:242,0
DA:247,0
DA:248,0
DA:249,0
DA:251,1
LF:116
LH:40
BRDA:108,0,0,0
BRDA:108,0,1,0
BRDA:117,1,0,1
BRDA:117,1,1,0
BRDA:118,2,0,1
BRDA:118,2,1,0
BRDA:158,3,0,0
BRDA:158,3,1,0
BRDA:159,4,0,0
BRDA:159,4,1,0
BRDA:159,5,0,0
BRDA:159,5,1,0
BRDA:173,6,0,0
BRDA:173,6,1,0
BRDA:190,7,0,0
BRDA:190,7,1,0
BRDA:190,8,0,0
BRDA:190,8,1,0
BRDA:193,9,0,0
BRDA:193,9,1,0
BRDA:196,10,0,0
BRDA:196,10,1,0
BRDA:198,11,0,0
BRDA:198,11,1,0
BRDA:198,12,0,0
BRDA:198,12,1,0
BRDA:204,13,0,0
BRDA:204,13,1,0
BRDA:204,14,0,0
BRDA:204,14,1,0
BRDA:207,15,0,0
BRDA:207,15,1,0
BRDA:207,16,0,0
BRDA:207,16,1,0
BRDA:213,17,0,0
BRDA:213,17,1,0
BRDA:215,18,0,0
BRDA:215,18,1,0
BRDA:216,19,0,0
BRDA:216,19,1,0
BRDA:219,20,0,0
BRDA:219,20,1,0
BRDA:222,21,0,0
BRDA:222,21,1,0
BRDA:232,22,0,0
BRDA:232,22,1,0
BRDA:235,23,0,0
BRDA:235,23,1,0
BRDA:238,24,0,0
BRDA:238,24,1,0
BRF:50
BRH:2
end_of_record
TN:
SF:A:\Development\UQO\UQO-2019-INF1583\annotator\src\app\components\project\entity-type\entity-type.mock.ts
FNF:0
FNH:0
DA:5,1
LF:1
LH:1
BRF:0
BRH:0
end_of_record
TN:
SF:A:\Development\UQO\UQO-2019-INF1583\annotator\src\app\components\project\yes-no-dialog-box\yes-no-dialog-box.component.ts
FN:9,(anonymous_4)
FN:11,YesNoDialogBoxComponent
FN:15,(anonymous_6)
FNF:3
FNH:3
FNDA:1,(anonymous_4)
FNDA:1,YesNoDialogBoxComponent
FNDA:1,(anonymous_6)
DA:1,1
DA:2,1
DA:9,1
DA:12,1
DA:13,1
DA:15,1
DA:18,1
LF:7
LH:7
BRF:0
BRH:0
end_of_record
TN:
SF:A:\Development\UQO\UQO-2019-INF1583\annotator\src\app\models\annotated-document.model.ts
FN:29,(anonymous_0)
FN:30,(anonymous_2)
FN:62,(anonymous_3)
FN:63,(anonymous_5)
FN:85,(anonymous_6)
FN:86,(anonymous_8)
FN:105,(anonymous_9)
FN:106,(anonymous_11)
FN:131,(anonymous_12)
FN:132,(anonymous_14)
FN:155,(anonymous_15)
FN:156,(anonymous_17)
FNF:12
FNH:6
FNDA:1,(anonymous_0)
FNDA:0,(anonymous_2)
FNDA:1,(anonymous_3)
FNDA:0,(anonymous_5)
FNDA:1,(anonymous_6)
FNDA:0,(anonymous_8)
FNDA:1,(anonymous_9)
FNDA:0,(anonymous_11)
FNDA:1,(anonymous_12)
FNDA:0,(anonymous_14)
FNDA:1,(anonymous_15)
FNDA:0,(anonymous_17)
DA:29,1
DA:30,1
DA:31,0
DA:43,0
DA:45,1
DA:62,1
DA:63,1
DA:64,0
DA:78,1
DA:85,1
DA:86,1
DA:87,0
DA:98,1
DA:105,1
DA:106,1
DA:107,0
DA:119,1
DA:131,1
DA:132,1
DA:133,0
DA:149,1
DA:155,1
DA:156,1
DA:157,0
DA:162,1
LF:25
LH:18
BRF:0
BRH:0
end_of_record
TN:
SF:A:\Development\UQO\UQO-2019-INF1583\annotator\src\app\models\annotation.model.ts
FN:3,(anonymous_0)
FN:13,Annotation
FNF:2
FNH:1
FNDA:1,(anonymous_0)
FNDA:0,Annotation
DA:3,1
DA:6,1
DA:16,1
LF:3
LH:3
BRF:0
BRH:0
end_of_record
TN:
SF:A:\Development\UQO\UQO-2019-INF1583\annotator\src\app\models\appUser.model.ts
FN:5,(anonymous_6)
FN:10,AppUser
FNF:2
FNH:1
FNDA:1,(anonymous_6)
FNDA:0,AppUser
DA:3,1
DA:5,1
DA:10,0
DA:11,0
DA:12,0
DA:13,0
DA:14,0
DA:17,1
LF:8
LH:3
BRDA:10,0,0,0
BRDA:10,0,1,0
BRDA:10,1,0,0
BRDA:10,1,1,0
BRDA:10,2,0,0
BRDA:10,2,1,0
BRDA:11,3,0,0
BRDA:11,3,1,0
BRF:8
BRH:0
end_of_record
TN:
SF:A:\Development\UQO\UQO-2019-INF1583\annotator\src\app\models\arc.model.ts
FN:1,(anonymous_0)
FN:10,Arc
FNF:2
FNH:1
FNDA:1,(anonymous_0)
FNDA:0,Arc
DA:1,1
DA:11,0
DA:12,0
DA:13,0
DA:14,0
DA:15,0
DA:16,0
DA:17,0
DA:19,1
LF:9
LH:2
BRF:0
BRH:0
end_of_record
TN:
SF:A:\Development\UQO\UQO-2019-INF1583\annotator\src\app\models\document.model.ts
FN:3,(anonymous_0)
FN:10,Doc
FNF:2
FNH:1
FNDA:1,(anonymous_0)
FNDA:0,Doc
DA:3,1
DA:11,0
DA:12,0
DA:13,0
DA:14,0
DA:15,0
DA:18,1
LF:7
LH:2
BRF:0
BRH:0
end_of_record
TN:
SF:A:\Development\UQO\UQO-2019-INF1583\annotator\src\app\models\entity.model.ts
FN:3,(anonymous_0)
FN:14,Entity
FNF:2
FNH:2
FNDA:1,(anonymous_0)
FNDA:9,Entity
DA:3,1
DA:15,15
DA:16,15
DA:17,15
DA:18,15
DA:19,18
DA:20,18
DA:21,18
DA:22,18
DA:23,18
DA:25,9
DA:26,9
DA:27,9
DA:28,9
DA:29,9
DA:30,9
DA:31,9
DA:32,9
DA:33,9
DA:35,1
LF:20
LH:20
BRDA:15,0,0,6
BRDA:15,0,1,3
BRDA:16,1,0,6
BRDA:16,1,1,3
BRDA:17,2,0,6
BRDA:17,2,1,3
BRDA:18,3,0,6
BRDA:18,3,1,3
BRDA:19,4,0,9
BRDA:19,4,1,0
BRDA:20,5,0,9
BRDA:20,5,1,0
BRDA:21,6,0,9
BRDA:21,6,1,0
BRDA:22,7,0,9
BRDA:22,7,1,0
BRDA:23,8,0,9
BRDA:23,8,1,0
BRF:18
BRH:13
end_of_record
TN:
SF:A:\Development\UQO\UQO-2019-INF1583\annotator\src\app\models\entityAttribute.model.ts
FN:2,(anonymous_0)
FN:10,EntityAttributeTypes
FN:28,(anonymous_3)
FN:34,EntityAttributeValues
FN:48,(anonymous_5)
FNF:5
FNH:3
FNDA:1,(anonymous_0)
FNDA:0,EntityAttributeTypes
FNDA:1,(anonymous_3)
FNDA:1,EntityAttributeValues
FNDA:0,(anonymous_5)
DA:2,1
DA:11,0
DA:12,0
DA:13,0
DA:14,0
DA:15,0
DA:16,0
DA:18,0
DA:19,0
DA:20,0
DA:21,0
DA:22,0
DA:23,0
DA:25,1
DA:28,1
DA:35,1
DA:36,2
DA:37,2
DA:38,2
DA:40,1
DA:41,1
DA:42,1
DA:43,1
DA:48,1
DA:49,0
DA:56,1
LF:26
LH:13
BRDA:11,0,0,0
BRDA:11,0,1,0
BRDA:12,1,0,0
BRDA:12,1,1,0
BRDA:13,2,0,0
BRDA:13,2,1,0
BRDA:14,3,0,0
BRDA:14,3,1,0
BRDA:15,4,0,0
BRDA:15,4,1,0
BRDA:16,5,0,0
BRDA:16,5,1,0
BRDA:35,6,0,0
BRDA:35,6,1,1
BRDA:36,7,0,1
BRDA:36,7,1,0
BRDA:37,8,0,1
BRDA:37,8,1,0
BRDA:38,9,0,1
BRDA:38,9,1,0
BRF:20
BRH:4
end_of_record
TN:
SF:A:\Development\UQO\UQO-2019-INF1583\annotator\src\app\models\event.model.ts
FN:3,(anonymous_0)
FN:14,Event
FNF:2
FNH:1
FNDA:1,(anonymous_0)
FNDA:0,Event
DA:3,1
DA:15,0
DA:16,0
DA:17,0
DA:18,0
DA:19,0
DA:20,0
DA:21,0
DA:22,0
DA:23,0
DA:25,1
LF:11
LH:2
BRF:0
BRH:0
end_of_record
TN:
SF:A:\Development\UQO\UQO-2019-INF1583\annotator\src\app\models\eventAttribute.model.ts
FN:2,(anonymous_0)
FN:9,EventAttributeTypes
FNF:2
FNH:1
FNDA:1,(anonymous_0)
FNDA:0,EventAttributeTypes
DA:2,1
DA:9,0
DA:10,0
DA:11,0
DA:12,0
DA:13,0
DA:14,0
DA:15,0
DA:17,1
LF:9
LH:2
BRDA:9,0,0,0
BRDA:9,0,1,0
BRDA:9,1,0,0
BRDA:9,1,1,0
BRDA:9,2,0,0
BRDA:9,2,1,0
BRDA:9,3,0,0
BRDA:9,3,1,0
BRDA:10,4,0,0
BRDA:10,4,1,0
BRF:10
BRH:0
end_of_record
TN:
SF:A:\Development\UQO\UQO-2019-INF1583\annotator\src\app\models\filterBrat.model.ts
FN:6,(anonymous_0)
FN:10,FilterBrat
FNF:2
FNH:1
FNDA:1,(anonymous_0)
FNDA:0,FilterBrat
DA:6,1
DA:11,0
DA:12,0
DA:14,1
LF:4
LH:2
BRF:0
BRH:0
end_of_record
TN:
SF:A:\Development\UQO\UQO-2019-INF1583\annotator\src\app\models\filterOptions.model.ts
FNF:0
FNH:0
DA:1,1
LF:1
LH:1
BRF:0
BRH:0
end_of_record
TN:
SF:A:\Development\UQO\UQO-2019-INF1583\annotator\src\app\models\index.ts
FNF:0
FNH:0
DA:1,1
DA:2,1
DA:3,1
DA:4,1
DA:5,1
DA:6,1
DA:7,1
DA:8,1
DA:9,1
DA:10,1
DA:11,1
DA:12,1
DA:13,1
DA:14,1
DA:15,1
DA:16,1
DA:17,1
LF:17
LH:17
BRF:0
BRH:0
end_of_record
TN:
SF:A:\Development\UQO\UQO-2019-INF1583\annotator\src\app\models\project.model.ts
FN:23,(anonymous_0)
FN:24,(anonymous_2)
FNF:2
FNH:2
FNDA:1,(anonymous_0)
FNDA:6,(anonymous_2)
DA:23,1
DA:24,1
DA:25,6
DA:40,1
LF:4
LH:4
BRF:0
BRH:0
end_of_record
TN:
SF:A:\Development\UQO\UQO-2019-INF1583\annotator\src\app\models\relation.model.ts
FN:7,(anonymous_0)
FN:15,Relation
FN:28,(anonymous_2)
FN:32,Args
FNF:4
FNH:2
FNDA:1,(anonymous_0)
FNDA:0,Relation
FNDA:1,(anonymous_2)
FNDA:0,Args
DA:7,1
DA:16,0
DA:17,0
DA:18,0
DA:19,0
DA:20,0
DA:21,0
DA:23,0
DA:24,0
DA:26,1
DA:28,1
DA:33,0
DA:34,0
DA:35,0
DA:37,1
LF:15
LH:4
BRF:0
BRH:0
end_of_record
TN:
SF:A:\Development\UQO\UQO-2019-INF1583\annotator\src\app\models\selective-preloading-strategy.service.ts
FN:10,(anonymous_1)
FN:9,SelectivePreloadingStrategy
FN:13,(anonymous_3)
FNF:3
FNH:1
FNDA:1,(anonymous_1)
FNDA:0,SelectivePreloadingStrategy
FNDA:0,(anonymous_3)
DA:4,1
DA:5,1
DA:7,1
DA:10,1
DA:11,0
DA:13,1
DA:14,0
DA:16,0
DA:20,0
DA:22,0
DA:25,1
LF:11
LH:6
BRDA:14,0,0,0
BRDA:14,0,1,0
BRDA:14,1,0,0
BRDA:14,1,1,0
BRF:4
BRH:0
end_of_record
TN:
SF:A:\Development\UQO\UQO-2019-INF1583\annotator\src\app\models\sharedProperties.model.ts
FNF:0
FNH:0
DA:1,1
LF:1
LH:1
BRF:0
BRH:0
end_of_record
TN:
SF:A:\Development\UQO\UQO-2019-INF1583\annotator\src\app\models\state.model.ts
FN:1,(anonymous_0)
FN:2,ProjectState
FN:8,(anonymous_3)
FNF:3
FNH:2
FNDA:1,(anonymous_0)
FNDA:0,ProjectState
FNDA:1,(anonymous_3)
DA:1,1
DA:3,0
DA:4,0
DA:6,1
DA:8,1
DA:9,1
DA:10,1
DA:11,1
DA:12,1
LF:9
LH:7
BRDA:8,0,0,1
BRDA:8,0,1,1
BRF:2
BRH:2
end_of_record
TN:
SF:A:\Development\UQO\UQO-2019-INF1583\annotator\src\app\models\user.model.ts
FN:9,(anonymous_0)
FN:21,User
FNF:2
FNH:1
FNDA:1,(anonymous_0)
FNDA:0,User
DA:9,1
DA:15,0
DA:24,1
LF:3
LH:2
BRF:0
BRH:0
end_of_record
TN:
SF:A:\Development\UQO\UQO-2019-INF1583\annotator\src\app\services\annotation\annotation.service.MOCKDATA.ts
FNF:0
FNH:0
DA:2,1
DA:4,1
DA:26,1
LF:3
LH:3
BRF:0
BRH:0
end_of_record
TN:
SF:A:\Development\UQO\UQO-2019-INF1583\annotator\src\app\services\annotation\annotation.service.ts
FN:8,(anonymous_2)
FN:9,AnnotationService
FN:12,(anonymous_4)
FN:19,(anonymous_5)
FN:30,(anonymous_6)
FNF:5
FNH:2
FNDA:1,(anonymous_2)
FNDA:1,AnnotationService
FNDA:0,(anonymous_4)
FNDA:0,(anonymous_5)
FNDA:0,(anonymous_6)
DA:1,1
DA:3,1
DA:8,1
DA:9,1
DA:12,1
DA:13,0
DA:19,1
DA:20,0
DA:21,0
DA:24,0
DA:30,1
DA:31,0
DA:36,1
LF:13
LH:8
BRDA:20,0,0,0
BRDA:20,0,1,0
BRF:2
BRH:0
end_of_record
TN:
SF:A:\Development\UQO\UQO-2019-INF1583\annotator\src\app\services\project\project.service.ts
FN:15,(anonymous_3)
FN:20,ProjectService
FN:25,(anonymous_5)
FN:29,(anonymous_6)
FN:33,(anonymous_7)
FN:37,(anonymous_8)
FN:39,(anonymous_9)
FN:43,(anonymous_10)
FN:48,(anonymous_11)
FN:56,(anonymous_12)
FN:58,(anonymous_13)
FN:63,(anonymous_14)
FN:71,(anonymous_15)
FN:84,(anonymous_16)
FN:99,(anonymous_17)
FNF:15
FNH:1
FNDA:1,(anonymous_3)
FNDA:0,ProjectService
FNDA:0,(anonymous_5)
FNDA:0,(anonymous_6)
FNDA:0,(anonymous_7)
FNDA:0,(anonymous_8)
FNDA:0,(anonymous_9)
FNDA:0,(anonymous_10)
FNDA:0,(anonymous_11)
FNDA:0,(anonymous_12)
FNDA:0,(anonymous_13)
FNDA:0,(anonymous_14)
FNDA:0,(anonymous_15)
FNDA:0,(anonymous_16)
FNDA:0,(anonymous_17)
DA:1,1
DA:2,1
DA:8,1
DA:15,1
DA:20,0
DA:21,0
DA:22,0
DA:25,1
DA:26,0
DA:29,1
DA:30,0
DA:33,1
DA:34,0
DA:37,1
DA:38,0
DA:39,0
DA:40,0
DA:43,0
DA:44,0
DA:48,1
DA:49,0
DA:56,1
DA:57,0
DA:58,0
DA:63,1
DA:64,0
DA:71,1
DA:72,0
DA:76,0
DA:84,1
DA:85,0
DA:87,0
DA:92,0
DA:99,1
DA:100,0
DA:102,1
LF:36
LH:15
BRDA:38,0,0,0
BRDA:38,0,1,0
BRF:2
BRH:0
end_of_record
TN:
SF:A:\Development\UQO\UQO-2019-INF1583\annotator\src\app\tools\security\auth.service.ts
FN:32,(anonymous_3)
FN:39,AuthService
FN:46,(anonymous_5)
FN:54,(anonymous_6)
FN:60,(anonymous_7)
FN:65,(anonymous_8)
FN:69,(anonymous_9)
FN:70,(anonymous_10)
FN:73,(anonymous_11)
FN:80,(anonymous_12)
FN:86,(anonymous_13)
FN:92,(anonymous_14)
FN:97,(anonymous_15)
FN:101,(anonymous_16)
FN:106,(anonymous_17)
FN:111,(anonymous_18)
FN:116,(anonymous_19)
FN:121,(anonymous_20)
FN:122,(anonymous_21)
FN:125,(anonymous_22)
FN:131,(anonymous_23)
FN:149,(anonymous_24)
FN:155,(anonymous_25)
FN:171,(anonymous_26)
FN:172,(anonymous_27)
FN:176,(anonymous_28)
FNF:26
FNH:1
FNDA:1,(anonymous_3)
FNDA:0,AuthService
FNDA:0,(anonymous_5)
FNDA:0,(anonymous_6)
FNDA:0,(anonymous_7)
FNDA:0,(anonymous_8)
FNDA:0,(anonymous_9)
FNDA:0,(anonymous_10)
FNDA:0,(anonymous_11)
FNDA:0,(anonymous_12)
FNDA:0,(anonymous_13)
FNDA:0,(anonymous_14)
FNDA:0,(anonymous_15)
FNDA:0,(anonymous_16)
FNDA:0,(anonymous_17)
FNDA:0,(anonymous_18)
FNDA:0,(anonymous_19)
FNDA:0,(anonymous_20)
FNDA:0,(anonymous_21)
FNDA:0,(anonymous_22)
FNDA:0,(anonymous_23)
FNDA:0,(anonymous_24)
FNDA:0,(anonymous_25)
FNDA:0,(anonymous_26)
FNDA:0,(anonymous_27)
FNDA:0,(anonymous_28)
DA:13,1
DA:15,1
DA:16,1
DA:17,1
DA:18,1
DA:19,1
DA:20,1
DA:21,1
DA:22,1
DA:27,1
DA:32,1
DA:34,0
DA:35,0
DA:39,0
DA:40,0
DA:41,0
DA:42,0
DA:45,0
DA:47,0
DA:48,0
DA:50,0
DA:54,0
DA:55,0
DA:60,1
DA:61,0
DA:65,1
DA:66,0
DA:69,1
DA:70,0
DA:71,0
DA:74,0
DA:78,0
DA:81,0
DA:86,1
DA:87,0
DA:89,0
DA:92,1
DA:93,0
DA:94,0
DA:97,1
DA:98,0
DA:101,1
DA:102,0
DA:103,0
DA:106,1
DA:107,0
DA:108,0
DA:111,1
DA:112,0
DA:113,0
DA:116,1
DA:117,0
DA:118,0
DA:121,1
DA:122,0
DA:123,0
DA:126,0
DA:127,0
DA:132,0
DA:133,0
DA:143,0
DA:147,0
DA:150,0
DA:155,1
DA:157,0
DA:160,0
DA:168,0
DA:171,1
DA:172,0
DA:173,0
DA:176,1
DA:177,0
DA:178,0
DA:180,1
LF:74
LH:26
BRDA:47,0,0,0
BRDA:47,0,1,0
BRDA:66,1,0,0
BRDA:66,1,1,0
BRDA:132,2,0,0
BRDA:132,2,1,0
BRF:6
BRH:0
end_of_record
TN:
SF:A:\Development\UQO\UQO-2019-INF1583\annotator\src\app\views\index.ts
FNF:0
FNH:0
DA:1,1
DA:2,1
LF:2
LH:2
BRF:0
BRH:0
end_of_record
TN:
SF:A:\Development\UQO\UQO-2019-INF1583\annotator\src\app\views\footer\footer.component.ts
FN:8,(anonymous_2)
FN:9,FooterComponent
FN:11,(anonymous_4)
FNF:3
FNH:1
FNDA:1,(anonymous_2)
FNDA:0,FooterComponent
FNDA:0,(anonymous_4)
DA:1,1
DA:8,1
DA:11,1
DA:12,1
LF:4
LH:4
BRF:0
BRH:0
end_of_record
TN:
SF:A:\Development\UQO\UQO-2019-INF1583\annotator\src\app\views\header\header.component.ts
FN:16,(anonymous_2)
FN:22,HeaderComponent
FN:28,(anonymous_4)
FN:38,(anonymous_5)
FN:39,(anonymous_6)
FN:47,(anonymous_7)
FN:51,(anonymous_8)
FN:55,(anonymous_9)
FN:61,(anonymous_10)
FN:65,(anonymous_11)
FN:72,(anonymous_12)
FNF:11
FNH:3
FNDA:1,(anonymous_2)
FNDA:2,HeaderComponent
FNDA:2,(anonymous_4)
FNDA:0,(anonymous_5)
FNDA:0,(anonymous_6)
FNDA:0,(anonymous_7)
FNDA:0,(anonymous_8)
FNDA:0,(anonymous_9)
FNDA:0,(anonymous_10)
FNDA:0,(anonymous_11)
FNDA:0,(anonymous_12)
DA:1,1
DA:2,1
DA:3,1
DA:4,1
DA:5,1
DA:16,1
DA:17,1
DA:18,1
DA:19,1
DA:20,2
DA:22,2
DA:23,2
DA:24,2
DA:25,2
DA:28,2
DA:29,2
DA:30,2
DA:32,2
DA:33,0
DA:34,0
DA:39,0
DA:40,0
DA:47,1
DA:51,1
DA:52,0
DA:55,1
DA:57,0
DA:58,0
DA:61,1
DA:62,0
DA:65,1
DA:66,0
DA:72,1
DA:73,0
DA:74,0
DA:76,1
LF:36
LH:25
BRDA:31,0,0,0
BRDA:31,0,1,2
BRDA:32,1,0,0
BRDA:32,1,1,2
BRDA:67,2,0,0
BRDA:67,2,1,0
BRF:6
BRH:2
end_of_record
TN:
SF:A:\Development\UQO\UQO-2019-INF1583\annotator\src\environments\environment.ts
FNF:0
FNH:0
DA:11,1
LF:1
LH:1
BRF:0
BRH:0
end_of_record
